[38;5;0m[HTTP][0m [37m-->[39m [37mPOST[39m [37m/session[39m
[38;5;0m[HTTP][0m [90m{"capabilities":{"alwaysMatch":{"platformName":"Android","appium:deviceName":"Infinix Hot 20S","appium:platformVersion":"12.0.0","appium:automationName":"UiAutomator2","appium:app":"E:\\Sanbercode\\QA Automation Intermediate Karyawan Batch 49 31 Agustus 2023\\Materi dan Tugas\\Minggu 7\\WEBDRIVERIO-MOBILE\\test\\apk\\Diet_meal.apk","appium:appPackage":"com.fghilmany.dietmealapp","appium:appActivity":"ui.main.MainActivity","appium:noReset":true,"appium:forceAppLaunch":true},"firstMatch":[{}]},"desiredCapabilities":{"platformName":"Android","appium:deviceName":"Infinix Hot 20S","appium:platformVersion":"12.0.0","appium:automationName":"UiAutomator2","appium:app":"E:\\Sanbercode\\QA Automation Intermediate Karyawan Batch 49 31 Agustus 2023\\Materi dan Tugas\\Minggu 7\\WEBDRIVERIO-MOBILE\\test\\apk\\Diet_meal.apk","appium:appPackage":"com.fghilmany.dietmealapp","appium:appActivity":"ui.main.MainActivity","appium:noReset":true,"appium:forceAppLaunch":true}}[39m
[38;5;16m[AppiumDriver@33fc][0m Calling AppiumDriver.createSession() with args: [{"platformName":"Android","appium:deviceName":"Infinix Hot 20S","appium:platformVersion":"12.0.0","appium:automationName":"UiAutomator2","appium:app":"E:\\Sanbercode\\QA Automation Intermediate Karyawan Batch 49 31 Agustus 2023\\Materi dan Tugas\\Minggu 7\\WEBDRIVERIO-MOBILE\\test\\apk\\Diet_meal.apk","appium:appPackage":"com.fghilmany.dietmealapp","appium:appActivity":"ui.main.MainActivity","appium:noReset":true,"appium:forceAppLaunch":true},null,{"alwaysMatch":{"platformName":"Android","appium:deviceName":"Infinix Hot 20S","appium:platformVersion":"12.0.0","appium:automationName":"UiAutomator2","appium:app":"E:\\Sanbercode\\QA Automation Intermediate Karyawan Batch 49 31 Agustus 2023\\Materi dan Tugas\\Minggu 7\\WEBDRIVERIO-MOBILE\\test\\apk\\Diet_meal.apk","appium:appPackage":"com.fghilmany.dietmealapp","appium:appActivity":"ui.main.MainActivity","appium:noReset":true,"appium:forceAppLaunch":true},"firstMatch":[{}]}]
[38;5;16m[AppiumDriver@33fc][0m Event 'newSessionRequested' logged at 1698770244905 (23:37:24 GMT+0700 (Western Indonesia Time))
[35m[Appium][39m Attempting to find matching driver for automationName 'UiAutomator2' and platformName 'Android'
[35m[Appium][39m The 'uiautomator2' driver was installed and matched caps.
[35m[Appium][39m Will require it at E:\Sanbercode\QA Automation Intermediate Karyawan Batch 49 31 Agustus 2023\Materi dan Tugas\Minggu 7\WEBDRIVERIO-MOBILE\node_modules\appium-uiautomator2-driver
[35m[Appium][39m Requiring driver at E:\Sanbercode\QA Automation Intermediate Karyawan Batch 49 31 Agustus 2023\Materi dan Tugas\Minggu 7\WEBDRIVERIO-MOBILE\node_modules\appium-uiautomator2-driver
[38;5;16m[AppiumDriver@33fc][0m Appium v2.2.1 creating new AndroidUiautomator2Driver (v2.33.0) session
[38;5;16m[AppiumDriver@33fc][0m Checking BaseDriver versions for Appium and AndroidUiautomator2Driver
[38;5;16m[AppiumDriver@33fc][0m Appium's BaseDriver version is 9.4.1
[38;5;16m[AppiumDriver@33fc][0m AndroidUiautomator2Driver's BaseDriver version is 9.4.1
[38;5;32m[AndroidUiautomator2Driver@64ad][0m Creating session with W3C capabilities: {
[38;5;32m[AndroidUiautomator2Driver@64ad][0m   "alwaysMatch": {
[38;5;32m[AndroidUiautomator2Driver@64ad][0m     "platformName": "Android",
[38;5;32m[AndroidUiautomator2Driver@64ad][0m     "appium:deviceName": "Infinix Hot 20S",
[38;5;32m[AndroidUiautomator2Driver@64ad][0m     "appium:platformVersion": "12.0.0",
[38;5;32m[AndroidUiautomator2Driver@64ad][0m     "appium:automationName": "UiAutomator2",
[38;5;32m[AndroidUiautomator2Driver@64ad][0m     "appium:app": "E:\\Sanbercode\\QA Automation Intermediate Karyawan Batch 49 31 Agustus 2023\\Materi dan Tugas\\Minggu 7\\WEBDRIVERIO-MOBILE\\test\\apk\\Diet_meal.apk",
[38;5;32m[AndroidUiautomator2Driver@64ad][0m     "appium:appPackage": "com.fghilmany.dietmealapp",
[38;5;32m[AndroidUiautomator2Driver@64ad][0m     "appium:appActivity": "ui.main.MainActivity",
[38;5;32m[AndroidUiautomator2Driver@64ad][0m     "appium:noReset": true,
[38;5;32m[AndroidUiautomator2Driver@64ad][0m     "appium:forceAppLaunch": true
[38;5;32m[AndroidUiautomator2Driver@64ad][0m   },
[38;5;32m[AndroidUiautomator2Driver@64ad][0m   "firstMatch": [
[38;5;32m[AndroidUiautomator2Driver@64ad][0m     {}
[38;5;32m[AndroidUiautomator2Driver@64ad][0m   ]
[38;5;32m[AndroidUiautomator2Driver@64ad][0m }
[38;5;32m[AndroidUiautomator2Driver@64ad (028b5ea2)][0m Session created with session id: 028b5ea2-f520-4a8d-a0a9-aed0749f5a11
[38;5;48m[BaseDriver][0m Using local app 'E:\Sanbercode\QA Automation Intermediate Karyawan Batch 49 31 Agustus 2023\Materi dan Tugas\Minggu 7\WEBDRIVERIO-MOBILE\test\apk\Diet_meal.apk'
[38;5;32m[AndroidUiautomator2Driver@64ad (028b5ea2)][0m Checking whether app is actually present
[38;5;64m[ADB][0m Found 2 'build-tools' folders under 'C:\Users\bimap\AppData\Local\Android\Sdk' (newest first):
[38;5;64m[ADB][0m     C:\Users\bimap\AppData\Local\Android\Sdk\build-tools\34.0.0
[38;5;64m[ADB][0m     C:\Users\bimap\AppData\Local\Android\Sdk\build-tools\33.0.1
[38;5;64m[ADB][0m Using 'adb.exe' from 'C:\Users\bimap\AppData\Local\Android\Sdk\platform-tools\adb.exe'
[38;5;64m[ADB][0m Running 'C:\Users\bimap\AppData\Local\Android\Sdk\platform-tools\adb.exe -P 5037 start-server'
[38;5;80m[AndroidDriver][0m Retrieving device list
[38;5;64m[ADB][0m Trying to find connected Android devices
[38;5;64m[ADB][0m Getting connected devices
[38;5;64m[ADB][0m Connected devices: [{"udid":"09224372B3001782","state":"device"}]
[38;5;80m[AndroidDriver][0m Looking for a device with Android '12.0.0'
[38;5;64m[ADB][0m Setting device id to 09224372B3001782
[38;5;64m[ADB][0m Getting device platform version
[38;5;64m[ADB][0m Running 'C:\Users\bimap\AppData\Local\Android\Sdk\platform-tools\adb.exe -P 5037 -s 09224372B3001782 shell getprop ro.build.version.release'
[38;5;64m[ADB][0m Current device property 'ro.build.version.release': 12
[38;5;80m[AndroidDriver][0m Using device: 09224372B3001782
[38;5;64m[ADB][0m Using 'adb.exe' from 'C:\Users\bimap\AppData\Local\Android\Sdk\platform-tools\adb.exe'
[38;5;64m[ADB][0m Running 'C:\Users\bimap\AppData\Local\Android\Sdk\platform-tools\adb.exe -P 5037 start-server'
[38;5;64m[ADB][0m Setting device id to 09224372B3001782
[38;5;64m[ADB][0m Running 'C:\Users\bimap\AppData\Local\Android\Sdk\platform-tools\adb.exe -P 5037 -s 09224372B3001782 shell getprop ro.build.version.sdk'
[38;5;64m[ADB][0m Current device property 'ro.build.version.sdk': 31
[38;5;64m[ADB][0m Getting device platform version
[38;5;64m[ADB][0m Running 'C:\Users\bimap\AppData\Local\Android\Sdk\platform-tools\adb.exe -P 5037 -s 09224372B3001782 shell getprop ro.build.version.release'
[38;5;64m[ADB][0m Current device property 'ro.build.version.release': 12
[38;5;64m[ADB][0m Device API level: 31
[38;5;32m[AndroidUiautomator2Driver@64ad (028b5ea2)][0m Relaxing hidden api policy
[38;5;64m[ADB][0m Running 'C:\Users\bimap\AppData\Local\Android\Sdk\platform-tools\adb.exe -P 5037 -s 09224372B3001782 shell 'settings put global hidden_api_policy_pre_p_apps 1;settings put global hidden_api_policy_p_apps 1;settings put global hidden_api_policy 1''
[38;5;80m[AndroidDriver][0m Pushing settings apk to device...
[38;5;64m[ADB][0m Getting package info for 'io.appium.settings'
[38;5;64m[ADB][0m Running 'C:\Users\bimap\AppData\Local\Android\Sdk\platform-tools\adb.exe -P 5037 -s 09224372B3001782 shell dumpsys package io.appium.settings'
[38;5;64m[ADB][0m The version name of the installed 'io.appium.settings' is greater or equal to the application version name ('5.2.0' >= '5.2.0')
[38;5;64m[ADB][0m There is no need to install/upgrade 'E:\Sanbercode\QA Automation Intermediate Karyawan Batch 49 31 Agustus 2023\Materi dan Tugas\Minggu 7\WEBDRIVERIO-MOBILE\node_modules\appium-uiautomator2-driver\node_modules\io.appium.settings\apks\settings_apk-debug.apk'
[38;5;64m[ADB][0m Getting IDs of all 'io.appium.settings' processes
[38;5;64m[ADB][0m Running 'C:\Users\bimap\AppData\Local\Android\Sdk\platform-tools\adb.exe -P 5037 -s 09224372B3001782 shell 'pgrep --help; echo $?''
[38;5;64m[ADB][0m Running 'C:\Users\bimap\AppData\Local\Android\Sdk\platform-tools\adb.exe -P 5037 -s 09224372B3001782 shell pgrep -f \(\[\[:blank:\]\]\|\^\)io\.appium\.settings\(\[\[:blank:\]\]\|\$\)'
[38;5;80m[AndroidDriver][0m io.appium.settings is already running. There is no need to reset its permissions.
[38;5;64m[ADB][0m Running 'C:\Users\bimap\AppData\Local\Android\Sdk\platform-tools\adb.exe -P 5037 -s 09224372B3001782 shell appops set io.appium.settings android:mock_location allow'
[38;5;64m[ADB][0m Running 'C:\Users\bimap\AppData\Local\Android\Sdk\platform-tools\adb.exe -P 5037 -s 09224372B3001782 shell "[ -e '/data/local/tmp/mock_apps.json' ] && echo __PASS__"'
[38;5;64m[ADB][0m Running 'C:\Users\bimap\AppData\Local\Android\Sdk\platform-tools\adb.exe -P 5037 -s 09224372B3001782 shell cat /data/local/tmp/mock_apps.json'
[38;5;96m[Logcat][0m Starting logs capture with command: C:\\Users\\bimap\\AppData\\Local\\Android\\Sdk\\platform-tools\\adb.exe -P 5037 -s 09224372B3001782 logcat -v threadtime
[38;5;32m[AndroidUiautomator2Driver@64ad (028b5ea2)][0m Forwarding UiAutomator2 Server port 6790 to local port 8201
[38;5;64m[ADB][0m Forwarding system: 8201 to device: 6790
[38;5;64m[ADB][0m Running 'C:\Users\bimap\AppData\Local\Android\Sdk\platform-tools\adb.exe -P 5037 -s 09224372B3001782 forward tcp:8201 tcp:6790'
[38;5;64m[ADB][0m Checking app cert for E:\Sanbercode\QA Automation Intermediate Karyawan Batch 49 31 Agustus 2023\Materi dan Tugas\Minggu 7\WEBDRIVERIO-MOBILE\node_modules\appium-uiautomator2-driver\node_modules\appium-uiautomator2-server\apks\appium-uiautomator2-server-v5.12.15.apk
[38;5;64m[ADB][0m Checking app cert for E:\Sanbercode\QA Automation Intermediate Karyawan Batch 49 31 Agustus 2023\Materi dan Tugas\Minggu 7\WEBDRIVERIO-MOBILE\node_modules\appium-uiautomator2-driver\node_modules\appium-uiautomator2-server\apks\appium-uiautomator2-server-debug-androidTest.apk
[38;5;64m[ADB][0m Using 'apksigner.jar' from 'C:\Users\bimap\AppData\Local\Android\Sdk\build-tools\34.0.0\lib\apksigner.jar'
[38;5;64m[ADB][0m Starting apksigner: 'C:\\Program Files\\Java\\jdk-21\\bin\\java.exe' -Xmx1024M -Xss1m -jar C:\\Users\\bimap\\AppData\\Local\\Android\\Sdk\\build-tools\\34.0.0\\lib\\apksigner.jar verify --print-certs 'E:\\Sanbercode\\QA Automation Intermediate Karyawan Batch 49 31 Agustus 2023\\Materi dan Tugas\\Minggu 7\\WEBDRIVERIO-MOBILE\\node_modules\\appium-uiautomator2-driver\\node_modules\\appium-uiautomator2-server\\apks\\appium-uiautomator2-server-debug-androidTest.apk'
[38;5;64m[ADB][0m Starting apksigner: 'C:\\Program Files\\Java\\jdk-21\\bin\\java.exe' -Xmx1024M -Xss1m -jar C:\\Users\\bimap\\AppData\\Local\\Android\\Sdk\\build-tools\\34.0.0\\lib\\apksigner.jar verify --print-certs 'E:\\Sanbercode\\QA Automation Intermediate Karyawan Batch 49 31 Agustus 2023\\Materi dan Tugas\\Minggu 7\\WEBDRIVERIO-MOBILE\\node_modules\\appium-uiautomator2-driver\\node_modules\\appium-uiautomator2-server\\apks\\appium-uiautomator2-server-v5.12.15.apk'
[38;5;64m[ADB][0m apksigner stdout: Signer #1 certificate DN: EMAILADDRESS=android@android.com, CN=Android, OU=Android, O=Android, L=Mountain View, ST=California, C=US
[38;5;64m[ADB][0m Signer #1 certificate SHA-256 digest: a40da80a59d170caa950cf15c18c454d47a39b26989d8b640ecd745ba71bf5dc
[38;5;64m[ADB][0m Signer #1 certificate SHA-1 digest: 61ed377e85d386a8dfee6b864bd85b0bfaa5af81
[38;5;64m[ADB][0m Signer #1 certificate MD5 digest: e89b158e4bcf988ebd09eb83f5378e87
[38;5;64m[ADB][0m 
[38;5;64m[ADB][0m sha256 hash did match for 'appium-uiautomator2-server-debug-androidTest.apk'
[38;5;64m[ADB][0m 'E:\Sanbercode\QA Automation Intermediate Karyawan Batch 49 31 Agustus 2023\Materi dan Tugas\Minggu 7\WEBDRIVERIO-MOBILE\node_modules\appium-uiautomator2-driver\node_modules\appium-uiautomator2-server\apks\appium-uiautomator2-server-debug-androidTest.apk' is signed with the default certificate
[38;5;64m[ADB][0m Getting install status for io.appium.uiautomator2.server.test
[38;5;64m[ADB][0m Running 'C:\Users\bimap\AppData\Local\Android\Sdk\platform-tools\adb.exe -P 5037 -s 09224372B3001782 shell pm path io.appium.uiautomator2.server.test'
[38;5;64m[ADB][0m 'io.appium.uiautomator2.server.test' is installed
[38;5;64m[ADB][0m apksigner stdout: Signer #1 certificate DN: EMAILADDRESS=android@android.com, CN=Android, OU=Android, O=Android, L=Mountain View, ST=California, C=US
[38;5;64m[ADB][0m Signer #1 certificate SHA-256 digest: a40da80a59d170caa950cf15c18c454d47a39b26989d8b640ecd745ba71bf5dc
[38;5;64m[ADB][0m Signer #1 certificate SHA-1 digest: 61ed377e85d386a8dfee6b864bd85b0bfaa5af81
[38;5;64m[ADB][0m Signer #1 certificate MD5 digest: e89b158e4bcf988ebd09eb83f5378e87
[38;5;64m[ADB][0m 
[38;5;64m[ADB][0m sha256 hash did match for 'appium-uiautomator2-server-v5.12.15.apk'
[38;5;64m[ADB][0m 'E:\Sanbercode\QA Automation Intermediate Karyawan Batch 49 31 Agustus 2023\Materi dan Tugas\Minggu 7\WEBDRIVERIO-MOBILE\node_modules\appium-uiautomator2-driver\node_modules\appium-uiautomator2-server\apks\appium-uiautomator2-server-v5.12.15.apk' is signed with the default certificate
[38;5;64m[ADB][0m Getting package info for 'io.appium.uiautomator2.server'
[38;5;64m[ADB][0m Running 'C:\Users\bimap\AppData\Local\Android\Sdk\platform-tools\adb.exe -P 5037 -s 09224372B3001782 shell dumpsys package io.appium.uiautomator2.server'
[38;5;64m[ADB][0m The version name of the installed 'io.appium.uiautomator2.server' is greater or equal to the application version name ('5.12.15' >= '5.12.15')
[38;5;32m[AndroidUiautomator2Driver@64ad (028b5ea2)][0m Server packages status: [{"wasSigned":true,"installState":"sameVersionInstalled","appPath":"E:\\Sanbercode\\QA Automation Intermediate Karyawan Batch 49 31 Agustus 2023\\Materi dan Tugas\\Minggu 7\\WEBDRIVERIO-MOBILE\\node_modules\\appium-uiautomator2-driver\\node_modules\\appium-uiautomator2-server\\apks\\appium-uiautomator2-server-v5.12.15.apk","appId":"io.appium.uiautomator2.server"},{"wasSigned":true,"installState":"sameVersionInstalled","appPath":"E:\\Sanbercode\\QA Automation Intermediate Karyawan Batch 49 31 Agustus 2023\\Materi dan Tugas\\Minggu 7\\WEBDRIVERIO-MOBILE\\node_modules\\appium-uiautomator2-driver\\node_modules\\appium-uiautomator2-server\\apks\\appium-uiautomator2-server-debug-androidTest.apk","appId":"io.appium.uiautomator2.server.test"}]
[38;5;32m[AndroidUiautomator2Driver@64ad (028b5ea2)][0m Server packages are not going to be (re)installed
[38;5;32m[AndroidUiautomator2Driver@64ad (028b5ea2)][0m Waiting up to 30000ms for services to be available
[38;5;64m[ADB][0m Running 'C:\Users\bimap\AppData\Local\Android\Sdk\platform-tools\adb.exe -P 5037 -s 09224372B3001782 shell pm list instrumentation'
[38;5;32m[AndroidUiautomator2Driver@64ad (028b5ea2)][0m Instrumentation target 'io.appium.uiautomator2.server.test/androidx.test.runner.AndroidJUnitRunner' is available
[38;5;64m[ADB][0m Adding packages ["io.appium.settings","io.appium.uiautomator2.server","io.appium.uiautomator2.server.test"] to Doze whitelist
[38;5;64m[ADB][0m Got the following command chunks to execute: [["dumpsys","deviceidle","whitelist","+io.appium.settings",";","dumpsys","deviceidle","whitelist","+io.appium.uiautomator2.server",";","dumpsys","deviceidle","whitelist","+io.appium.uiautomator2.server.test",";"]]
[38;5;64m[ADB][0m Running 'C:\Users\bimap\AppData\Local\Android\Sdk\platform-tools\adb.exe -P 5037 -s 09224372B3001782 shell dumpsys deviceidle whitelist +io.appium.settings ; dumpsys deviceidle whitelist +io.appium.uiautomator2.server ; dumpsys deviceidle whitelist +io.appium.uiautomator2.server.test ;'
[38;5;64m[ADB][0m Getting install status for com.fghilmany.dietmealapp
[38;5;64m[ADB][0m Running 'C:\Users\bimap\AppData\Local\Android\Sdk\platform-tools\adb.exe -P 5037 -s 09224372B3001782 shell pm path com.fghilmany.dietmealapp'
[38;5;64m[ADB][0m 'com.fghilmany.dietmealapp' is installed
[38;5;32m[AndroidUiautomator2Driver@64ad (028b5ea2)][0m noReset has been requested and the app is already installed. Doing nothing
[38;5;32m[AndroidUiautomator2Driver@64ad (028b5ea2)][0m Performing shallow cleanup of automation leftovers
[38;5;32m[AndroidUiautomator2Driver@64ad (028b5ea2)][0m No obsolete sessions have been detected (socket hang up)
[38;5;64m[ADB][0m Running 'C:\Users\bimap\AppData\Local\Android\Sdk\platform-tools\adb.exe -P 5037 -s 09224372B3001782 shell am force-stop io.appium.uiautomator2.server.test'
[38;5;32m[AndroidUiautomator2Driver@64ad (028b5ea2)][0m Starting UIAutomator2 server 5.12.15
[38;5;32m[AndroidUiautomator2Driver@64ad (028b5ea2)][0m Using UIAutomator2 server from 'E:\Sanbercode\QA Automation Intermediate Karyawan Batch 49 31 Agustus 2023\Materi dan Tugas\Minggu 7\WEBDRIVERIO-MOBILE\node_modules\appium-uiautomator2-driver\node_modules\appium-uiautomator2-server\apks\appium-uiautomator2-server-v5.12.15.apk' and test from 'E:\Sanbercode\QA Automation Intermediate Karyawan Batch 49 31 Agustus 2023\Materi dan Tugas\Minggu 7\WEBDRIVERIO-MOBILE\node_modules\appium-uiautomator2-driver\node_modules\appium-uiautomator2-server\apks\appium-uiautomator2-server-debug-androidTest.apk'
[38;5;32m[AndroidUiautomator2Driver@64ad (028b5ea2)][0m Waiting up to 30000ms for UiAutomator2 to be online...
[38;5;64m[ADB][0m Creating ADB subprocess with args: ["-P","5037","-s","09224372B3001782","shell","am","instrument","-w","-e","disableAnalytics","true","io.appium.uiautomator2.server.test/androidx.test.runner.AndroidJUnitRunner"]
[38;5;32m[AndroidUiautomator2Driver@64ad (028b5ea2)][0m Matched '/status' to command name 'getStatus'
[38;5;32m[AndroidUiautomator2Driver@64ad (028b5ea2)][0m Proxying [GET /status] to [GET http://127.0.0.1:8201/status] with no body
[38;5;32m[AndroidUiautomator2Driver@64ad (028b5ea2)][0m socket hang up
[38;5;32m[AndroidUiautomator2Driver@64ad (028b5ea2)][0m Matched '/status' to command name 'getStatus'
[38;5;32m[AndroidUiautomator2Driver@64ad (028b5ea2)][0m Proxying [GET /status] to [GET http://127.0.0.1:8201/status] with no body
[38;5;32m[AndroidUiautomator2Driver@64ad (028b5ea2)][0m socket hang up
[38;5;112m[Instrumentation][0m io.appium.uiautomator2.server.test.AppiumUiAutomator2Server:
[38;5;32m[AndroidUiautomator2Driver@64ad (028b5ea2)][0m Matched '/status' to command name 'getStatus'
[38;5;32m[AndroidUiautomator2Driver@64ad (028b5ea2)][0m Proxying [GET /status] to [GET http://127.0.0.1:8201/status] with no body
[38;5;32m[AndroidUiautomator2Driver@64ad (028b5ea2)][0m socket hang up
[38;5;32m[AndroidUiautomator2Driver@64ad (028b5ea2)][0m Matched '/status' to command name 'getStatus'
[38;5;32m[AndroidUiautomator2Driver@64ad (028b5ea2)][0m Proxying [GET /status] to [GET http://127.0.0.1:8201/status] with no body
[38;5;32m[AndroidUiautomator2Driver@64ad (028b5ea2)][0m Got response with status 200: {"sessionId":"None","value":{"message":"UiAutomator2 Server is ready to accept commands","ready":true}}
[38;5;32m[AndroidUiautomator2Driver@64ad (028b5ea2)][0m The initialization of the instrumentation process took 3129ms
[38;5;32m[AndroidUiautomator2Driver@64ad (028b5ea2)][0m Matched '/session' to command name 'createSession'
[38;5;32m[AndroidUiautomator2Driver@64ad (028b5ea2)][0m Proxying [POST /session] to [POST http://127.0.0.1:8201/session] with body: {"capabilities":{"firstMatch":[{"platformName":"Android","deviceName":"09224372B3001782","platformVersion":"12.0.0","automationName":"UiAutomator2","app":"E:\\Sanbercode\\QA Automation Intermediate Karyawan Batch 49 31 Agustus 2023\\Materi dan Tugas\\Minggu 7\\WEBDRIVERIO-MOBILE\\test\\apk\\Diet_meal.apk","appPackage":"com.fghilmany.dietmealapp","appActivity":"ui.main.MainActivity","noReset":true,"forceAppLaunch":true,"platform":"LINUX","webStorageEnabled":false,"takesScreenshot":true,"javascriptEnabled":true,"databaseEnabled":false,"networkConnectionEnabled":true,"locationContextEnabled":false,"warnings":{},"desired":{"platformName":"Android","deviceName":"Infinix Hot 20S","platformVersion":"12.0.0","automationName":"UiAutomator2","app":"E:\\Sanbercode\\QA Automation Intermediate Karyawan Batch 49 31 Agustus 2023\\Materi dan Tugas\\Minggu 7\\WEBDRIVERIO-MOBILE\\test\\apk\\Diet_meal.apk","appPackage":"com.fghilmany.dietmealapp","appActivity":"ui.main.MainActivity","noReset":true,"forceAppLaunch":true},"dev...
[38;5;32m[AndroidUiautomator2Driver@64ad (028b5ea2)][0m Got response with status 200: {"sessionId":"a93d1ac8-211f-4c6e-9459-c589fbed075b","value":{"capabilities":{"firstMatch":[{"platformName":"Android","deviceName":"09224372B3001782","platformVersion":"12.0.0","automationName":"UiAutomator2","app":"E:\\Sanbercode\\QA Automation Intermediate Karyawan Batch 49 31 Agustus 2023\\Materi dan Tugas\\Minggu 7\\WEBDRIVERIO-MOBILE\\test\\apk\\Diet_meal.apk","appPackage":"com.fghilmany.dietmealapp","appActivity":"ui.main.MainActivity","noReset":true,"forceAppLaunch":true,"platform":"LINUX","webStorageEnabled":false,"takesScreenshot":true,"javascriptEnabled":true,"databaseEnabled":false,"networkConnectionEnabled":true,"locationContextEnabled":false,"warnings":{},"desired":{"platformName":"Android","deviceName":"Infinix Hot 20S","platformVersion":"12.0.0","automationName":"UiAutomator2","app":"E:\\Sanbercode\\QA Automation Intermediate Karyawan Batch 49 31 Agustus 2023\\Materi dan Tugas\\Minggu 7\\WEBDRIVERIO-MOBILE\\test\\apk\\Diet_meal.apk","appPackage":"com.fghilmany.dietmealapp","appActivity":"ui.m...
[38;5;32m[AndroidUiautomator2Driver@64ad (028b5ea2)][0m Determined the downstream protocol as 'W3C'
[38;5;32m[AndroidUiautomator2Driver@64ad (028b5ea2)][0m Proxying [GET /appium/device/pixel_ratio] to [GET http://127.0.0.1:8201/session/a93d1ac8-211f-4c6e-9459-c589fbed075b/appium/device/pixel_ratio] with no body
[38;5;32m[AndroidUiautomator2Driver@64ad (028b5ea2)][0m Matched '/appium/device/system_bars' to command name 'getSystemBars'
[38;5;32m[AndroidUiautomator2Driver@64ad (028b5ea2)][0m Proxying [GET /appium/device/system_bars] to [GET http://127.0.0.1:8201/session/a93d1ac8-211f-4c6e-9459-c589fbed075b/appium/device/system_bars] with no body
[38;5;32m[AndroidUiautomator2Driver@64ad (028b5ea2)][0m Matched '/window/current/size' to command name 'getWindowSize'
[38;5;32m[AndroidUiautomator2Driver@64ad (028b5ea2)][0m Proxying [GET /window/current/size] to [GET http://127.0.0.1:8201/session/a93d1ac8-211f-4c6e-9459-c589fbed075b/window/current/size] with no body
[38;5;32m[AndroidUiautomator2Driver@64ad (028b5ea2)][0m Proxying [GET /appium/device/info] to [GET http://127.0.0.1:8201/session/a93d1ac8-211f-4c6e-9459-c589fbed075b/appium/device/info] with no body
[38;5;64m[ADB][0m Running 'C:\Users\bimap\AppData\Local\Android\Sdk\platform-tools\adb.exe -P 5037 -s 09224372B3001782 shell dumpsys window'
[38;5;32m[AndroidUiautomator2Driver@64ad (028b5ea2)][0m Got response with status 200: {"sessionId":"a93d1ac8-211f-4c6e-9459-c589fbed075b","value":3}
[38;5;32m[AndroidUiautomator2Driver@64ad (028b5ea2)][0m Got response with status 200: {"sessionId":"a93d1ac8-211f-4c6e-9459-c589fbed075b","value":{"statusBar":108}}
[38;5;32m[AndroidUiautomator2Driver@64ad (028b5ea2)][0m Got response with status 200: {"sessionId":"a93d1ac8-211f-4c6e-9459-c589fbed075b","value":{"height":2232,"width":1080}}
[38;5;32m[AndroidUiautomator2Driver@64ad (028b5ea2)][0m Got response with status 200: {"sessionId":"a93d1ac8-211f-4c6e-9459-c589fbed075b","value":{"androidId":"1b87eadd73cc3b7a","apiVersion":"31","bluetooth":{"state":"OFF"},"brand":"Infinix","carrierName":"3","displayDensity":480,"locale":"in_ID","manufacturer":"INFINIX","model":"Infinix X6827","networks":[{"capabilities":{"SSID":null,"linkDownBandwidthKbps":60000,"linkUpstreamBandwidthKbps":12000,"networkCapabilities":"NET_CAPABILITY_NOT_METERED,NET_CAPABILITY_INTERNET,NET_CAPABILITY_NOT_RESTRICTED,NET_CAPABILITY_TRUSTED,NET_CAPABILITY_NOT_VPN,NET_CAPABILITY_VALIDATED,NET_CAPABILITY_NOT_ROAMING,NET_CAPABILITY_FOREGROUND,NET_CAPABILITY_NOT_CONGESTED,NET_CAPABILITY_NOT_SUSPENDED","signalStrength":-62,"transportTypes":"TRANSPORT_WIFI"},"detailedState":"CONNECTED","extraInfo":"","isAvailable":true,"isConnected":true,"isFailover":false,"isRoaming":false,"state":"CONNECTED","subtype":-1,"subtypeName":"","type":1,"typeName":"WIFI"},{"capabilities":{"SSID":null,"linkDownBandwidthKbps":4997,"linkUpstreamBandwidthKbps":93102,"networkCapabilities":"N...
[38;5;80m[AndroidDriver][0m Screen already unlocked, doing nothing
[38;5;32m[AndroidUiautomator2Driver@64ad (028b5ea2)][0m Starting 'com.fghilmany.dietmealapp/ui.main.MainActivity and waiting for 'com.fghilmany.dietmealapp/ui.main.MainActivity'
[38;5;64m[ADB][0m Running 'C:\Users\bimap\AppData\Local\Android\Sdk\platform-tools\adb.exe -P 5037 -s 09224372B3001782 shell am start -W -n com.fghilmany.dietmealapp/ui.main.MainActivity -S -a android.intent.action.MAIN -c android.intent.category.LAUNCHER -f 0x10200000'
[38;5;64m[ADB][0m We tried to start an activity that doesn't exist, retrying with '.ui.main.MainActivity' activity name
[38;5;64m[ADB][0m Running 'C:\Users\bimap\AppData\Local\Android\Sdk\platform-tools\adb.exe -P 5037 -s 09224372B3001782 shell am start -W -n com.fghilmany.dietmealapp/.ui.main.MainActivity -S -a android.intent.action.MAIN -c android.intent.category.LAUNCHER -f 0x10200000'
[38;5;16m[AppiumDriver@33fc][0m New AndroidUiautomator2Driver session created successfully, session 028b5ea2-f520-4a8d-a0a9-aed0749f5a11 added to master session list
[38;5;16m[AppiumDriver@33fc][0m Event 'newSessionStarted' logged at 1698770251524 (23:37:31 GMT+0700 (Western Indonesia Time))
[38;5;32m[AndroidUiautomator2Driver@64ad (028b5ea2)][0m Cached the protocol value 'W3C' for the new session 028b5ea2-f520-4a8d-a0a9-aed0749f5a11
[38;5;32m[AndroidUiautomator2Driver@64ad (028b5ea2)][0m Responding to client with driver.createSession() result: {"capabilities":{"platformName":"Android","deviceName":"09224372B3001782","platformVersion":"12","automationName":"UiAutomator2","app":"E:\\Sanbercode\\QA Automation Intermediate Karyawan Batch 49 31 Agustus 2023\\Materi dan Tugas\\Minggu 7\\WEBDRIVERIO-MOBILE\\test\\apk\\Diet_meal.apk","appPackage":"com.fghilmany.dietmealapp","appActivity":"ui.main.MainActivity","noReset":true,"forceAppLaunch":true,"platform":"LINUX","webStorageEnabled":false,"takesScreenshot":true,"javascriptEnabled":true,"databaseEnabled":false,"networkConnectionEnabled":true,"locationContextEnabled":false,"warnings":{},"desired":{"platformName":"Android","deviceName":"Infinix Hot 20S","platformVersion":"12.0.0","automationName":"UiAutomator2","app":"E:\\Sanbercode\\QA Automation Intermediate Karyawan Batch 49 31 Agustus 2023\\Materi dan Tugas\\Minggu 7\\WEBDRIVERIO-MOBILE\\test\\apk\\Diet_meal.apk","appPackage":"com.fghilmany.dietmealapp","appActivity":"ui.main.MainActivity","noReset":true,"forceAppLaunch":true},"deviceUDID":"09224372B...
[38;5;0m[HTTP][0m [37m<-- POST /session [39m[32m200[39m [90m6624 ms - 1330[39m
[38;5;0m[HTTP][0m [90m[39m
[38;5;0m[HTTP][0m [37m-->[39m [37mPOST[39m [37m/session/028b5ea2-f520-4a8d-a0a9-aed0749f5a11/element[39m
[38;5;0m[HTTP][0m [90m{"using":"xpath","value":"//android.widget.RadioButton[@resource-id='com.fghilmany.dietmealapp:id/rb_male']"}[39m
[38;5;32m[AndroidUiautomator2Driver@64ad (028b5ea2)][0m Calling AppiumDriver.findElement() with args: ["xpath","//android.widget.RadioButton[@resource-id='com.fghilmany.dietmealapp:id/rb_male']","028b5ea2-f520-4a8d-a0a9-aed0749f5a11"]
[38;5;32m[AndroidUiautomator2Driver@64ad (028b5ea2)][0m Valid locator strategies for this request: xpath, id, class name, accessibility id, css selector, -android uiautomator
[38;5;32m[AndroidUiautomator2Driver@64ad (028b5ea2)][0m Waiting up to 0 ms for condition
[38;5;32m[AndroidUiautomator2Driver@64ad (028b5ea2)][0m Matched '/element' to command name 'findElement'
[38;5;32m[AndroidUiautomator2Driver@64ad (028b5ea2)][0m Proxying [POST /element] to [POST http://127.0.0.1:8201/session/a93d1ac8-211f-4c6e-9459-c589fbed075b/element] with body: {"strategy":"xpath","selector":"//android.widget.RadioButton[@resource-id='com.fghilmany.dietmealapp:id/rb_male']","context":"","multiple":false}
[38;5;32m[AndroidUiautomator2Driver@64ad (028b5ea2)][0m Got response with status 404: {"sessionId":"a93d1ac8-211f-4c6e-9459-c589fbed075b","value":{"error":"no such element","message":"An element could not be located on the page using the given search parameters","stacktrace":"io.appium.uiautomator2.common.exceptions.ElementNotFoundException: An element could not be located on the page using the given search parameters\n\tat io.appium.uiautomator2.utils.ElementLocationHelpers.findElement(ElementLocationHelpers.java:156)\n\tat io.appium.uiautomator2.handler.FindElement.safeHandle(FindElement.java:60)\n\tat io.appium.uiautomator2.handler.request.SafeRequestHandler.handle(SafeRequestHandler.java:59)\n\tat io.appium.uiautomator2.server.AppiumServlet.handleRequest(AppiumServlet.java:277)\n\tat io.appium.uiautomator2.server.AppiumServlet.handleHttpRequest(AppiumServlet.java:271)\n\tat io.appium.uiautomator2.http.ServerHandler.channelRead(ServerHandler.java:77)\n\tat io.netty.channel.AbstractChannelHandlerContext.invokeChannelRead(AbstractChannelHandlerContext.java:366)\n\tat io.netty.channel.Abstr...
[38;5;128m[W3C][0m Matched W3C error code 'no such element' to NoSuchElementError
[38;5;32m[AndroidUiautomator2Driver@64ad (028b5ea2)][0m Encountered internal error running command: NoSuchElementError: An element could not be located on the page using the given search parameters.
[38;5;32m[AndroidUiautomator2Driver@64ad (028b5ea2)][0m     at AndroidUiautomator2Driver.findElOrEls (E:\Sanbercode\QA Automation Intermediate Karyawan Batch 49 31 Agustus 2023\Materi dan Tugas\Minggu 7\WEBDRIVERIO-MOBILE\node_modules\appium-uiautomator2-driver\node_modules\appium-android-driver\lib\commands\find.ts:87:11)
[38;5;32m[AndroidUiautomator2Driver@64ad (028b5ea2)][0m     at processTicksAndRejections (node:internal/process/task_queues:95:5)
[38;5;32m[AndroidUiautomator2Driver@64ad (028b5ea2)][0m     at AndroidUiautomator2Driver.findElOrElsWithProcessing (E:\Sanbercode\QA Automation Intermediate Karyawan Batch 49 31 Agustus 2023\Materi dan Tugas\Minggu 7\WEBDRIVERIO-MOBILE\node_modules\@appium\base-driver\lib\basedriver\commands\find.ts:60:12)
[38;5;32m[AndroidUiautomator2Driver@64ad (028b5ea2)][0m     at AndroidUiautomator2Driver.findElement (E:\Sanbercode\QA Automation Intermediate Karyawan Batch 49 31 Agustus 2023\Materi dan Tugas\Minggu 7\WEBDRIVERIO-MOBILE\node_modules\@appium\base-driver\lib\basedriver\commands\find.ts:75:12)
[38;5;0m[HTTP][0m [37m<-- POST /session/028b5ea2-f520-4a8d-a0a9-aed0749f5a11/element [39m[33m404[39m [90m1444 ms - 1115[39m
[38;5;0m[HTTP][0m [90m[39m
[38;5;0m[HTTP][0m [37m-->[39m [37mPOST[39m [37m/session/028b5ea2-f520-4a8d-a0a9-aed0749f5a11/elements[39m
[38;5;0m[HTTP][0m [90m{"using":"xpath","value":"//android.widget.RadioButton[@resource-id='com.fghilmany.dietmealapp:id/rb_male']"}[39m
[38;5;32m[AndroidUiautomator2Driver@64ad (028b5ea2)][0m Calling AppiumDriver.findElements() with args: ["xpath","//android.widget.RadioButton[@resource-id='com.fghilmany.dietmealapp:id/rb_male']","028b5ea2-f520-4a8d-a0a9-aed0749f5a11"]
[38;5;32m[AndroidUiautomator2Driver@64ad (028b5ea2)][0m Valid locator strategies for this request: xpath, id, class name, accessibility id, css selector, -android uiautomator
[38;5;32m[AndroidUiautomator2Driver@64ad (028b5ea2)][0m Waiting up to 0 ms for condition
[38;5;32m[AndroidUiautomator2Driver@64ad (028b5ea2)][0m Matched '/elements' to command name 'findElements'
[38;5;32m[AndroidUiautomator2Driver@64ad (028b5ea2)][0m Proxying [POST /elements] to [POST http://127.0.0.1:8201/session/a93d1ac8-211f-4c6e-9459-c589fbed075b/elements] with body: {"strategy":"xpath","selector":"//android.widget.RadioButton[@resource-id='com.fghilmany.dietmealapp:id/rb_male']","context":"","multiple":true}
[38;5;32m[AndroidUiautomator2Driver@64ad (028b5ea2)][0m Got response with status 200: {"sessionId":"a93d1ac8-211f-4c6e-9459-c589fbed075b","value":[]}
[38;5;32m[AndroidUiautomator2Driver@64ad (028b5ea2)][0m Responding to client with driver.findElements() result: []
[38;5;0m[HTTP][0m [37m<-- POST /session/028b5ea2-f520-4a8d-a0a9-aed0749f5a11/elements [39m[32m200[39m [90m1098 ms - 12[39m
[38;5;0m[HTTP][0m [90m[39m
[38;5;0m[HTTP][0m [37m-->[39m [37mPOST[39m [37m/session/028b5ea2-f520-4a8d-a0a9-aed0749f5a11/elements[39m
[38;5;0m[HTTP][0m [90m{"using":"xpath","value":"//android.widget.RadioButton[@resource-id='com.fghilmany.dietmealapp:id/rb_male']"}[39m
[38;5;32m[AndroidUiautomator2Driver@64ad (028b5ea2)][0m Calling AppiumDriver.findElements() with args: ["xpath","//android.widget.RadioButton[@resource-id='com.fghilmany.dietmealapp:id/rb_male']","028b5ea2-f520-4a8d-a0a9-aed0749f5a11"]
[38;5;32m[AndroidUiautomator2Driver@64ad (028b5ea2)][0m Valid locator strategies for this request: xpath, id, class name, accessibility id, css selector, -android uiautomator
[38;5;32m[AndroidUiautomator2Driver@64ad (028b5ea2)][0m Waiting up to 0 ms for condition
[38;5;32m[AndroidUiautomator2Driver@64ad (028b5ea2)][0m Matched '/elements' to command name 'findElements'
[38;5;32m[AndroidUiautomator2Driver@64ad (028b5ea2)][0m Proxying [POST /elements] to [POST http://127.0.0.1:8201/session/a93d1ac8-211f-4c6e-9459-c589fbed075b/elements] with body: {"strategy":"xpath","selector":"//android.widget.RadioButton[@resource-id='com.fghilmany.dietmealapp:id/rb_male']","context":"","multiple":true}
[38;5;32m[AndroidUiautomator2Driver@64ad (028b5ea2)][0m Got response with status 200: {"sessionId":"a93d1ac8-211f-4c6e-9459-c589fbed075b","value":[]}
[38;5;32m[AndroidUiautomator2Driver@64ad (028b5ea2)][0m Responding to client with driver.findElements() result: []
[38;5;0m[HTTP][0m [37m<-- POST /session/028b5ea2-f520-4a8d-a0a9-aed0749f5a11/elements [39m[32m200[39m [90m409 ms - 12[39m
[38;5;0m[HTTP][0m [90m[39m
[38;5;0m[HTTP][0m [37m-->[39m [37mPOST[39m [37m/session/028b5ea2-f520-4a8d-a0a9-aed0749f5a11/elements[39m
[38;5;0m[HTTP][0m [90m{"using":"xpath","value":"//android.widget.RadioButton[@resource-id='com.fghilmany.dietmealapp:id/rb_male']"}[39m
[38;5;32m[AndroidUiautomator2Driver@64ad (028b5ea2)][0m Calling AppiumDriver.findElements() with args: ["xpath","//android.widget.RadioButton[@resource-id='com.fghilmany.dietmealapp:id/rb_male']","028b5ea2-f520-4a8d-a0a9-aed0749f5a11"]
[38;5;32m[AndroidUiautomator2Driver@64ad (028b5ea2)][0m Valid locator strategies for this request: xpath, id, class name, accessibility id, css selector, -android uiautomator
[38;5;32m[AndroidUiautomator2Driver@64ad (028b5ea2)][0m Waiting up to 0 ms for condition
[38;5;32m[AndroidUiautomator2Driver@64ad (028b5ea2)][0m Matched '/elements' to command name 'findElements'
[38;5;32m[AndroidUiautomator2Driver@64ad (028b5ea2)][0m Proxying [POST /elements] to [POST http://127.0.0.1:8201/session/a93d1ac8-211f-4c6e-9459-c589fbed075b/elements] with body: {"strategy":"xpath","selector":"//android.widget.RadioButton[@resource-id='com.fghilmany.dietmealapp:id/rb_male']","context":"","multiple":true}
[38;5;32m[AndroidUiautomator2Driver@64ad (028b5ea2)][0m Got response with status 200: {"sessionId":"a93d1ac8-211f-4c6e-9459-c589fbed075b","value":[{"ELEMENT":"00000000-0000-089b-ffff-ffff0000003a","element-6066-11e4-a52e-4f735466cecf":"00000000-0000-089b-ffff-ffff0000003a"}]}
[38;5;32m[AndroidUiautomator2Driver@64ad (028b5ea2)][0m Responding to client with driver.findElements() result: [{"element-6066-11e4-a52e-4f735466cecf":"00000000-0000-089b-ffff-ffff0000003a","ELEMENT":"00000000-0000-089b-ffff-ffff0000003a"}]
[38;5;0m[HTTP][0m [37m<-- POST /session/028b5ea2-f520-4a8d-a0a9-aed0749f5a11/elements [39m[32m200[39m [90m692 ms - 139[39m
[38;5;0m[HTTP][0m [90m[39m
[38;5;0m[HTTP][0m [37m-->[39m [37mPOST[39m [37m/session/028b5ea2-f520-4a8d-a0a9-aed0749f5a11/element[39m
[38;5;0m[HTTP][0m [90m{"using":"xpath","value":"//android.widget.RadioButton[@resource-id='com.fghilmany.dietmealapp:id/rb_male']"}[39m
[38;5;32m[AndroidUiautomator2Driver@64ad (028b5ea2)][0m Calling AppiumDriver.findElement() with args: ["xpath","//android.widget.RadioButton[@resource-id='com.fghilmany.dietmealapp:id/rb_male']","028b5ea2-f520-4a8d-a0a9-aed0749f5a11"]
[38;5;32m[AndroidUiautomator2Driver@64ad (028b5ea2)][0m Valid locator strategies for this request: xpath, id, class name, accessibility id, css selector, -android uiautomator
[38;5;32m[AndroidUiautomator2Driver@64ad (028b5ea2)][0m Waiting up to 0 ms for condition
[38;5;32m[AndroidUiautomator2Driver@64ad (028b5ea2)][0m Matched '/element' to command name 'findElement'
[38;5;32m[AndroidUiautomator2Driver@64ad (028b5ea2)][0m Proxying [POST /element] to [POST http://127.0.0.1:8201/session/a93d1ac8-211f-4c6e-9459-c589fbed075b/element] with body: {"strategy":"xpath","selector":"//android.widget.RadioButton[@resource-id='com.fghilmany.dietmealapp:id/rb_male']","context":"","multiple":false}
[38;5;32m[AndroidUiautomator2Driver@64ad (028b5ea2)][0m Got response with status 200: {"sessionId":"a93d1ac8-211f-4c6e-9459-c589fbed075b","value":{"ELEMENT":"00000000-0000-089b-ffff-ffff0000003a","element-6066-11e4-a52e-4f735466cecf":"00000000-0000-089b-ffff-ffff0000003a"}}
[38;5;32m[AndroidUiautomator2Driver@64ad (028b5ea2)][0m Responding to client with driver.findElement() result: {"element-6066-11e4-a52e-4f735466cecf":"00000000-0000-089b-ffff-ffff0000003a","ELEMENT":"00000000-0000-089b-ffff-ffff0000003a"}
[38;5;0m[HTTP][0m [37m<-- POST /session/028b5ea2-f520-4a8d-a0a9-aed0749f5a11/element [39m[32m200[39m [90m731 ms - 137[39m
[38;5;0m[HTTP][0m [90m[39m
[38;5;0m[HTTP][0m [37m-->[39m [37mPOST[39m [37m/session/028b5ea2-f520-4a8d-a0a9-aed0749f5a11/element/00000000-0000-089b-ffff-ffff0000003a/click[39m
[38;5;0m[HTTP][0m [90m{}[39m
[38;5;32m[AndroidUiautomator2Driver@64ad (028b5ea2)][0m Calling AppiumDriver.click() with args: ["00000000-0000-089b-ffff-ffff0000003a","028b5ea2-f520-4a8d-a0a9-aed0749f5a11"]
[38;5;32m[AndroidUiautomator2Driver@64ad (028b5ea2)][0m Matched '/element/00000000-0000-089b-ffff-ffff0000003a/click' to command name 'click'
[38;5;32m[AndroidUiautomator2Driver@64ad (028b5ea2)][0m Proxying [POST /element/00000000-0000-089b-ffff-ffff0000003a/click] to [POST http://127.0.0.1:8201/session/a93d1ac8-211f-4c6e-9459-c589fbed075b/element/00000000-0000-089b-ffff-ffff0000003a/click] with body: {"element":"00000000-0000-089b-ffff-ffff0000003a"}
[38;5;32m[AndroidUiautomator2Driver@64ad (028b5ea2)][0m Got response with status 200: {"sessionId":"a93d1ac8-211f-4c6e-9459-c589fbed075b","value":null}
[38;5;32m[AndroidUiautomator2Driver@64ad (028b5ea2)][0m Responding to client with driver.click() result: null
[38;5;0m[HTTP][0m [37m<-- POST /session/028b5ea2-f520-4a8d-a0a9-aed0749f5a11/element/00000000-0000-089b-ffff-ffff0000003a/click [39m[32m200[39m [90m97 ms - 14[39m
[38;5;0m[HTTP][0m [90m[39m
[38;5;0m[HTTP][0m [37m-->[39m [37mPOST[39m [37m/session/028b5ea2-f520-4a8d-a0a9-aed0749f5a11/element[39m
[38;5;0m[HTTP][0m [90m{"using":"xpath","value":"//android.widget.Button[@resource-id='com.fghilmany.dietmealapp:id/bt_next']"}[39m
[38;5;32m[AndroidUiautomator2Driver@64ad (028b5ea2)][0m Calling AppiumDriver.findElement() with args: ["xpath","//android.widget.Button[@resource-id='com.fghilmany.dietmealapp:id/bt_next']","028b5ea2-f520-4a8d-a0a9-aed0749f5a11"]
[38;5;32m[AndroidUiautomator2Driver@64ad (028b5ea2)][0m Valid locator strategies for this request: xpath, id, class name, accessibility id, css selector, -android uiautomator
[38;5;32m[AndroidUiautomator2Driver@64ad (028b5ea2)][0m Waiting up to 0 ms for condition
[38;5;32m[AndroidUiautomator2Driver@64ad (028b5ea2)][0m Matched '/element' to command name 'findElement'
[38;5;32m[AndroidUiautomator2Driver@64ad (028b5ea2)][0m Proxying [POST /element] to [POST http://127.0.0.1:8201/session/a93d1ac8-211f-4c6e-9459-c589fbed075b/element] with body: {"strategy":"xpath","selector":"//android.widget.Button[@resource-id='com.fghilmany.dietmealapp:id/bt_next']","context":"","multiple":false}
[38;5;32m[AndroidUiautomator2Driver@64ad (028b5ea2)][0m Got response with status 200: {"sessionId":"a93d1ac8-211f-4c6e-9459-c589fbed075b","value":{"ELEMENT":"00000000-0000-089b-ffff-ffff0000003c","element-6066-11e4-a52e-4f735466cecf":"00000000-0000-089b-ffff-ffff0000003c"}}
[38;5;32m[AndroidUiautomator2Driver@64ad (028b5ea2)][0m Responding to client with driver.findElement() result: {"element-6066-11e4-a52e-4f735466cecf":"00000000-0000-089b-ffff-ffff0000003c","ELEMENT":"00000000-0000-089b-ffff-ffff0000003c"}
[38;5;0m[HTTP][0m [37m<-- POST /session/028b5ea2-f520-4a8d-a0a9-aed0749f5a11/element [39m[32m200[39m [90m212 ms - 137[39m
[38;5;0m[HTTP][0m [90m[39m
[38;5;0m[HTTP][0m [37m-->[39m [37mPOST[39m [37m/session/028b5ea2-f520-4a8d-a0a9-aed0749f5a11/element/00000000-0000-089b-ffff-ffff0000003c/click[39m
[38;5;0m[HTTP][0m [90m{}[39m
[38;5;32m[AndroidUiautomator2Driver@64ad (028b5ea2)][0m Calling AppiumDriver.click() with args: ["00000000-0000-089b-ffff-ffff0000003c","028b5ea2-f520-4a8d-a0a9-aed0749f5a11"]
[38;5;32m[AndroidUiautomator2Driver@64ad (028b5ea2)][0m Matched '/element/00000000-0000-089b-ffff-ffff0000003c/click' to command name 'click'
[38;5;32m[AndroidUiautomator2Driver@64ad (028b5ea2)][0m Proxying [POST /element/00000000-0000-089b-ffff-ffff0000003c/click] to [POST http://127.0.0.1:8201/session/a93d1ac8-211f-4c6e-9459-c589fbed075b/element/00000000-0000-089b-ffff-ffff0000003c/click] with body: {"element":"00000000-0000-089b-ffff-ffff0000003c"}
[38;5;32m[AndroidUiautomator2Driver@64ad (028b5ea2)][0m Got response with status 200: {"sessionId":"a93d1ac8-211f-4c6e-9459-c589fbed075b","value":null}
[38;5;32m[AndroidUiautomator2Driver@64ad (028b5ea2)][0m Responding to client with driver.click() result: null
[38;5;0m[HTTP][0m [37m<-- POST /session/028b5ea2-f520-4a8d-a0a9-aed0749f5a11/element/00000000-0000-089b-ffff-ffff0000003c/click [39m[32m200[39m [90m439 ms - 14[39m
[38;5;0m[HTTP][0m [90m[39m
[38;5;0m[HTTP][0m [37m-->[39m [37mPOST[39m [37m/session/028b5ea2-f520-4a8d-a0a9-aed0749f5a11/element[39m
[38;5;0m[HTTP][0m [90m{"using":"xpath","value":"//android.widget.EditText[@resource-id='com.fghilmany.dietmealapp:id/et_name']"}[39m
[38;5;32m[AndroidUiautomator2Driver@64ad (028b5ea2)][0m Calling AppiumDriver.findElement() with args: ["xpath","//android.widget.EditText[@resource-id='com.fghilmany.dietmealapp:id/et_name']","028b5ea2-f520-4a8d-a0a9-aed0749f5a11"]
[38;5;32m[AndroidUiautomator2Driver@64ad (028b5ea2)][0m Valid locator strategies for this request: xpath, id, class name, accessibility id, css selector, -android uiautomator
[38;5;32m[AndroidUiautomator2Driver@64ad (028b5ea2)][0m Waiting up to 0 ms for condition
[38;5;32m[AndroidUiautomator2Driver@64ad (028b5ea2)][0m Matched '/element' to command name 'findElement'
[38;5;32m[AndroidUiautomator2Driver@64ad (028b5ea2)][0m Proxying [POST /element] to [POST http://127.0.0.1:8201/session/a93d1ac8-211f-4c6e-9459-c589fbed075b/element] with body: {"strategy":"xpath","selector":"//android.widget.EditText[@resource-id='com.fghilmany.dietmealapp:id/et_name']","context":"","multiple":false}
[38;5;32m[AndroidUiautomator2Driver@64ad (028b5ea2)][0m Got response with status 200: {"sessionId":"a93d1ac8-211f-4c6e-9459-c589fbed075b","value":{"ELEMENT":"00000000-0000-089b-ffff-ffff00000017","element-6066-11e4-a52e-4f735466cecf":"00000000-0000-089b-ffff-ffff00000017"}}
[38;5;32m[AndroidUiautomator2Driver@64ad (028b5ea2)][0m Responding to client with driver.findElement() result: {"element-6066-11e4-a52e-4f735466cecf":"00000000-0000-089b-ffff-ffff00000017","ELEMENT":"00000000-0000-089b-ffff-ffff00000017"}
[38;5;0m[HTTP][0m [37m<-- POST /session/028b5ea2-f520-4a8d-a0a9-aed0749f5a11/element [39m[32m200[39m [90m407 ms - 137[39m
[38;5;0m[HTTP][0m [90m[39m
[38;5;0m[HTTP][0m [37m-->[39m [37mPOST[39m [37m/session/028b5ea2-f520-4a8d-a0a9-aed0749f5a11/element/00000000-0000-089b-ffff-ffff00000017/clear[39m
[38;5;0m[HTTP][0m [90m{}[39m
[38;5;32m[AndroidUiautomator2Driver@64ad (028b5ea2)][0m Calling AppiumDriver.clear() with args: ["00000000-0000-089b-ffff-ffff00000017","028b5ea2-f520-4a8d-a0a9-aed0749f5a11"]
[38;5;32m[AndroidUiautomator2Driver@64ad (028b5ea2)][0m Matched '/element/00000000-0000-089b-ffff-ffff00000017/clear' to command name 'clear'
[38;5;32m[AndroidUiautomator2Driver@64ad (028b5ea2)][0m Proxying [POST /element/00000000-0000-089b-ffff-ffff00000017/clear] to [POST http://127.0.0.1:8201/session/a93d1ac8-211f-4c6e-9459-c589fbed075b/element/00000000-0000-089b-ffff-ffff00000017/clear] with body: {"elementId":"00000000-0000-089b-ffff-ffff00000017"}
[38;5;32m[AndroidUiautomator2Driver@64ad (028b5ea2)][0m Got response with status 200: {"sessionId":"a93d1ac8-211f-4c6e-9459-c589fbed075b","value":null}
[38;5;32m[AndroidUiautomator2Driver@64ad (028b5ea2)][0m Responding to client with driver.clear() result: null
[38;5;0m[HTTP][0m [37m<-- POST /session/028b5ea2-f520-4a8d-a0a9-aed0749f5a11/element/00000000-0000-089b-ffff-ffff00000017/clear [39m[32m200[39m [90m329 ms - 14[39m
[38;5;0m[HTTP][0m [90m[39m
[38;5;0m[HTTP][0m [37m-->[39m [37mPOST[39m [37m/session/028b5ea2-f520-4a8d-a0a9-aed0749f5a11/element/00000000-0000-089b-ffff-ffff00000017/value[39m
[38;5;0m[HTTP][0m [90m{"text":"Dedi Harwizh"}[39m
[38;5;32m[AndroidUiautomator2Driver@64ad (028b5ea2)][0m Calling AppiumDriver.setValue() with args: ["Dedi Harwizh","00000000-0000-089b-ffff-ffff00000017","028b5ea2-f520-4a8d-a0a9-aed0749f5a11"]
[38;5;32m[AndroidUiautomator2Driver@64ad (028b5ea2)][0m Matched '/element/00000000-0000-089b-ffff-ffff00000017/value' to command name 'setValue'
[38;5;32m[AndroidUiautomator2Driver@64ad (028b5ea2)][0m Added 'value' property ["D","e","d","i"," ","H","a","r","w","i","z","h"] to 'setValue' request body
[38;5;32m[AndroidUiautomator2Driver@64ad (028b5ea2)][0m Proxying [POST /element/00000000-0000-089b-ffff-ffff00000017/value] to [POST http://127.0.0.1:8201/session/a93d1ac8-211f-4c6e-9459-c589fbed075b/element/00000000-0000-089b-ffff-ffff00000017/value] with body: {"elementId":"00000000-0000-089b-ffff-ffff00000017","text":"Dedi Harwizh","replace":false,"value":["D","e","d","i"," ","H","a","r","w","i","z","h"]}
[38;5;32m[AndroidUiautomator2Driver@64ad (028b5ea2)][0m Got response with status 200: {"sessionId":"a93d1ac8-211f-4c6e-9459-c589fbed075b","value":null}
[38;5;32m[AndroidUiautomator2Driver@64ad (028b5ea2)][0m Responding to client with driver.setValue() result: null
[38;5;0m[HTTP][0m [37m<-- POST /session/028b5ea2-f520-4a8d-a0a9-aed0749f5a11/element/00000000-0000-089b-ffff-ffff00000017/value [39m[32m200[39m [90m625 ms - 14[39m
[38;5;0m[HTTP][0m [90m[39m
[38;5;0m[HTTP][0m [37m-->[39m [37mPOST[39m [37m/session/028b5ea2-f520-4a8d-a0a9-aed0749f5a11/element[39m
[38;5;0m[HTTP][0m [90m{"using":"xpath","value":"//android.widget.Button[@resource-id='com.fghilmany.dietmealapp:id/bt_next']"}[39m
[38;5;32m[AndroidUiautomator2Driver@64ad (028b5ea2)][0m Calling AppiumDriver.findElement() with args: ["xpath","//android.widget.Button[@resource-id='com.fghilmany.dietmealapp:id/bt_next']","028b5ea2-f520-4a8d-a0a9-aed0749f5a11"]
[38;5;32m[AndroidUiautomator2Driver@64ad (028b5ea2)][0m Valid locator strategies for this request: xpath, id, class name, accessibility id, css selector, -android uiautomator
[38;5;32m[AndroidUiautomator2Driver@64ad (028b5ea2)][0m Waiting up to 0 ms for condition
[38;5;32m[AndroidUiautomator2Driver@64ad (028b5ea2)][0m Matched '/element' to command name 'findElement'
[38;5;32m[AndroidUiautomator2Driver@64ad (028b5ea2)][0m Proxying [POST /element] to [POST http://127.0.0.1:8201/session/a93d1ac8-211f-4c6e-9459-c589fbed075b/element] with body: {"strategy":"xpath","selector":"//android.widget.Button[@resource-id='com.fghilmany.dietmealapp:id/bt_next']","context":"","multiple":false}
[38;5;32m[AndroidUiautomator2Driver@64ad (028b5ea2)][0m Got response with status 200: {"sessionId":"a93d1ac8-211f-4c6e-9459-c589fbed075b","value":{"ELEMENT":"00000000-0000-089b-ffff-ffff0000003c","element-6066-11e4-a52e-4f735466cecf":"00000000-0000-089b-ffff-ffff0000003c"}}
[38;5;32m[AndroidUiautomator2Driver@64ad (028b5ea2)][0m Responding to client with driver.findElement() result: {"element-6066-11e4-a52e-4f735466cecf":"00000000-0000-089b-ffff-ffff0000003c","ELEMENT":"00000000-0000-089b-ffff-ffff0000003c"}
[38;5;0m[HTTP][0m [37m<-- POST /session/028b5ea2-f520-4a8d-a0a9-aed0749f5a11/element [39m[32m200[39m [90m644 ms - 137[39m
[38;5;0m[HTTP][0m [90m[39m
[38;5;0m[HTTP][0m [37m-->[39m [37mPOST[39m [37m/session/028b5ea2-f520-4a8d-a0a9-aed0749f5a11/element/00000000-0000-089b-ffff-ffff0000003c/click[39m
[38;5;0m[HTTP][0m [90m{}[39m
[38;5;32m[AndroidUiautomator2Driver@64ad (028b5ea2)][0m Calling AppiumDriver.click() with args: ["00000000-0000-089b-ffff-ffff0000003c","028b5ea2-f520-4a8d-a0a9-aed0749f5a11"]
[38;5;32m[AndroidUiautomator2Driver@64ad (028b5ea2)][0m Matched '/element/00000000-0000-089b-ffff-ffff0000003c/click' to command name 'click'
[38;5;32m[AndroidUiautomator2Driver@64ad (028b5ea2)][0m Proxying [POST /element/00000000-0000-089b-ffff-ffff0000003c/click] to [POST http://127.0.0.1:8201/session/a93d1ac8-211f-4c6e-9459-c589fbed075b/element/00000000-0000-089b-ffff-ffff0000003c/click] with body: {"element":"00000000-0000-089b-ffff-ffff0000003c"}
[38;5;32m[AndroidUiautomator2Driver@64ad (028b5ea2)][0m Got response with status 200: {"sessionId":"a93d1ac8-211f-4c6e-9459-c589fbed075b","value":null}
[38;5;32m[AndroidUiautomator2Driver@64ad (028b5ea2)][0m Responding to client with driver.click() result: null
[38;5;0m[HTTP][0m [37m<-- POST /session/028b5ea2-f520-4a8d-a0a9-aed0749f5a11/element/00000000-0000-089b-ffff-ffff0000003c/click [39m[32m200[39m [90m55 ms - 14[39m
[38;5;0m[HTTP][0m [90m[39m
[38;5;0m[HTTP][0m [37m-->[39m [37mPOST[39m [37m/session/028b5ea2-f520-4a8d-a0a9-aed0749f5a11/element[39m
[38;5;0m[HTTP][0m [90m{"using":"xpath","value":"//android.widget.EditText[@resource-id='com.fghilmany.dietmealapp:id/et_height']"}[39m
[38;5;32m[AndroidUiautomator2Driver@64ad (028b5ea2)][0m Calling AppiumDriver.findElement() with args: ["xpath","//android.widget.EditText[@resource-id='com.fghilmany.dietmealapp:id/et_height']","028b5ea2-f520-4a8d-a0a9-aed0749f5a11"]
[38;5;32m[AndroidUiautomator2Driver@64ad (028b5ea2)][0m Valid locator strategies for this request: xpath, id, class name, accessibility id, css selector, -android uiautomator
[38;5;32m[AndroidUiautomator2Driver@64ad (028b5ea2)][0m Waiting up to 0 ms for condition
[38;5;32m[AndroidUiautomator2Driver@64ad (028b5ea2)][0m Matched '/element' to command name 'findElement'
[38;5;32m[AndroidUiautomator2Driver@64ad (028b5ea2)][0m Proxying [POST /element] to [POST http://127.0.0.1:8201/session/a93d1ac8-211f-4c6e-9459-c589fbed075b/element] with body: {"strategy":"xpath","selector":"//android.widget.EditText[@resource-id='com.fghilmany.dietmealapp:id/et_height']","context":"","multiple":false}
[38;5;32m[AndroidUiautomator2Driver@64ad (028b5ea2)][0m Got response with status 200: {"sessionId":"a93d1ac8-211f-4c6e-9459-c589fbed075b","value":{"ELEMENT":"00000000-0000-089b-ffff-ffff0000002f","element-6066-11e4-a52e-4f735466cecf":"00000000-0000-089b-ffff-ffff0000002f"}}
[38;5;32m[AndroidUiautomator2Driver@64ad (028b5ea2)][0m Responding to client with driver.findElement() result: {"element-6066-11e4-a52e-4f735466cecf":"00000000-0000-089b-ffff-ffff0000002f","ELEMENT":"00000000-0000-089b-ffff-ffff0000002f"}
[38;5;0m[HTTP][0m [37m<-- POST /session/028b5ea2-f520-4a8d-a0a9-aed0749f5a11/element [39m[32m200[39m [90m374 ms - 137[39m
[38;5;0m[HTTP][0m [90m[39m
[38;5;0m[HTTP][0m [37m-->[39m [37mGET[39m [37m/session/028b5ea2-f520-4a8d-a0a9-aed0749f5a11/element/00000000-0000-089b-ffff-ffff0000002f/displayed[39m
[38;5;0m[HTTP][0m [90m{}[39m
[38;5;32m[AndroidUiautomator2Driver@64ad (028b5ea2)][0m Calling AppiumDriver.elementDisplayed() with args: ["00000000-0000-089b-ffff-ffff0000002f","028b5ea2-f520-4a8d-a0a9-aed0749f5a11"]
[38;5;32m[AndroidUiautomator2Driver@64ad (028b5ea2)][0m Matched '/element/00000000-0000-089b-ffff-ffff0000002f/attribute/displayed' to command name 'getAttribute'
[38;5;32m[AndroidUiautomator2Driver@64ad (028b5ea2)][0m Proxying [GET /element/00000000-0000-089b-ffff-ffff0000002f/attribute/displayed] to [GET http://127.0.0.1:8201/session/a93d1ac8-211f-4c6e-9459-c589fbed075b/element/00000000-0000-089b-ffff-ffff0000002f/attribute/displayed] with no body
[38;5;32m[AndroidUiautomator2Driver@64ad (028b5ea2)][0m Got response with status 200: {"sessionId":"a93d1ac8-211f-4c6e-9459-c589fbed075b","value":"true"}
[38;5;32m[AndroidUiautomator2Driver@64ad (028b5ea2)][0m Responding to client with driver.elementDisplayed() result: true
[38;5;0m[HTTP][0m [37m<-- GET /session/028b5ea2-f520-4a8d-a0a9-aed0749f5a11/element/00000000-0000-089b-ffff-ffff0000002f/displayed [39m[32m200[39m [90m685 ms - 14[39m
[38;5;0m[HTTP][0m [90m[39m
[38;5;0m[HTTP][0m [37m-->[39m [37mPOST[39m [37m/session/028b5ea2-f520-4a8d-a0a9-aed0749f5a11/element[39m
[38;5;0m[HTTP][0m [90m{"using":"xpath","value":"//android.widget.EditText[@resource-id='com.fghilmany.dietmealapp:id/et_height']"}[39m
[38;5;32m[AndroidUiautomator2Driver@64ad (028b5ea2)][0m Calling AppiumDriver.findElement() with args: ["xpath","//android.widget.EditText[@resource-id='com.fghilmany.dietmealapp:id/et_height']","028b5ea2-f520-4a8d-a0a9-aed0749f5a11"]
[38;5;32m[AndroidUiautomator2Driver@64ad (028b5ea2)][0m Valid locator strategies for this request: xpath, id, class name, accessibility id, css selector, -android uiautomator
[38;5;32m[AndroidUiautomator2Driver@64ad (028b5ea2)][0m Waiting up to 0 ms for condition
[38;5;32m[AndroidUiautomator2Driver@64ad (028b5ea2)][0m Matched '/element' to command name 'findElement'
[38;5;32m[AndroidUiautomator2Driver@64ad (028b5ea2)][0m Proxying [POST /element] to [POST http://127.0.0.1:8201/session/a93d1ac8-211f-4c6e-9459-c589fbed075b/element] with body: {"strategy":"xpath","selector":"//android.widget.EditText[@resource-id='com.fghilmany.dietmealapp:id/et_height']","context":"","multiple":false}
[38;5;32m[AndroidUiautomator2Driver@64ad (028b5ea2)][0m Got response with status 200: {"sessionId":"a93d1ac8-211f-4c6e-9459-c589fbed075b","value":{"ELEMENT":"00000000-0000-089b-ffff-ffff0000002f","element-6066-11e4-a52e-4f735466cecf":"00000000-0000-089b-ffff-ffff0000002f"}}
[38;5;32m[AndroidUiautomator2Driver@64ad (028b5ea2)][0m Responding to client with driver.findElement() result: {"element-6066-11e4-a52e-4f735466cecf":"00000000-0000-089b-ffff-ffff0000002f","ELEMENT":"00000000-0000-089b-ffff-ffff0000002f"}
[38;5;0m[HTTP][0m [37m<-- POST /session/028b5ea2-f520-4a8d-a0a9-aed0749f5a11/element [39m[32m200[39m [90m283 ms - 137[39m
[38;5;0m[HTTP][0m [90m[39m
[38;5;0m[HTTP][0m [37m-->[39m [37mPOST[39m [37m/session/028b5ea2-f520-4a8d-a0a9-aed0749f5a11/element/00000000-0000-089b-ffff-ffff0000002f/clear[39m
[38;5;0m[HTTP][0m [90m{}[39m
[38;5;32m[AndroidUiautomator2Driver@64ad (028b5ea2)][0m Calling AppiumDriver.clear() with args: ["00000000-0000-089b-ffff-ffff0000002f","028b5ea2-f520-4a8d-a0a9-aed0749f5a11"]
[38;5;32m[AndroidUiautomator2Driver@64ad (028b5ea2)][0m Matched '/element/00000000-0000-089b-ffff-ffff0000002f/clear' to command name 'clear'
[38;5;32m[AndroidUiautomator2Driver@64ad (028b5ea2)][0m Proxying [POST /element/00000000-0000-089b-ffff-ffff0000002f/clear] to [POST http://127.0.0.1:8201/session/a93d1ac8-211f-4c6e-9459-c589fbed075b/element/00000000-0000-089b-ffff-ffff0000002f/clear] with body: {"elementId":"00000000-0000-089b-ffff-ffff0000002f"}
[38;5;32m[AndroidUiautomator2Driver@64ad (028b5ea2)][0m Got response with status 200: {"sessionId":"a93d1ac8-211f-4c6e-9459-c589fbed075b","value":null}
[38;5;32m[AndroidUiautomator2Driver@64ad (028b5ea2)][0m Responding to client with driver.clear() result: null
[38;5;0m[HTTP][0m [37m<-- POST /session/028b5ea2-f520-4a8d-a0a9-aed0749f5a11/element/00000000-0000-089b-ffff-ffff0000002f/clear [39m[32m200[39m [90m66 ms - 14[39m
[38;5;0m[HTTP][0m [90m[39m
[38;5;0m[HTTP][0m [37m-->[39m [37mPOST[39m [37m/session/028b5ea2-f520-4a8d-a0a9-aed0749f5a11/element/00000000-0000-089b-ffff-ffff0000002f/value[39m
[38;5;0m[HTTP][0m [90m{"text":"172"}[39m
[38;5;32m[AndroidUiautomator2Driver@64ad (028b5ea2)][0m Calling AppiumDriver.setValue() with args: ["172","00000000-0000-089b-ffff-ffff0000002f","028b5ea2-f520-4a8d-a0a9-aed0749f5a11"]
[38;5;32m[AndroidUiautomator2Driver@64ad (028b5ea2)][0m Matched '/element/00000000-0000-089b-ffff-ffff0000002f/value' to command name 'setValue'
[38;5;32m[AndroidUiautomator2Driver@64ad (028b5ea2)][0m Added 'value' property ["1","7","2"] to 'setValue' request body
[38;5;32m[AndroidUiautomator2Driver@64ad (028b5ea2)][0m Proxying [POST /element/00000000-0000-089b-ffff-ffff0000002f/value] to [POST http://127.0.0.1:8201/session/a93d1ac8-211f-4c6e-9459-c589fbed075b/element/00000000-0000-089b-ffff-ffff0000002f/value] with body: {"elementId":"00000000-0000-089b-ffff-ffff0000002f","text":"172","replace":false,"value":["1","7","2"]}
[38;5;32m[AndroidUiautomator2Driver@64ad (028b5ea2)][0m Got response with status 200: {"sessionId":"a93d1ac8-211f-4c6e-9459-c589fbed075b","value":null}
[38;5;32m[AndroidUiautomator2Driver@64ad (028b5ea2)][0m Responding to client with driver.setValue() result: null
[38;5;0m[HTTP][0m [37m<-- POST /session/028b5ea2-f520-4a8d-a0a9-aed0749f5a11/element/00000000-0000-089b-ffff-ffff0000002f/value [39m[32m200[39m [90m576 ms - 14[39m
[38;5;0m[HTTP][0m [90m[39m
[38;5;0m[HTTP][0m [37m-->[39m [37mPOST[39m [37m/session/028b5ea2-f520-4a8d-a0a9-aed0749f5a11/element[39m
[38;5;0m[HTTP][0m [90m{"using":"xpath","value":"//android.widget.Button[@resource-id='com.fghilmany.dietmealapp:id/bt_next']"}[39m
[38;5;32m[AndroidUiautomator2Driver@64ad (028b5ea2)][0m Calling AppiumDriver.findElement() with args: ["xpath","//android.widget.Button[@resource-id='com.fghilmany.dietmealapp:id/bt_next']","028b5ea2-f520-4a8d-a0a9-aed0749f5a11"]
[38;5;32m[AndroidUiautomator2Driver@64ad (028b5ea2)][0m Valid locator strategies for this request: xpath, id, class name, accessibility id, css selector, -android uiautomator
[38;5;32m[AndroidUiautomator2Driver@64ad (028b5ea2)][0m Waiting up to 0 ms for condition
[38;5;32m[AndroidUiautomator2Driver@64ad (028b5ea2)][0m Matched '/element' to command name 'findElement'
[38;5;32m[AndroidUiautomator2Driver@64ad (028b5ea2)][0m Proxying [POST /element] to [POST http://127.0.0.1:8201/session/a93d1ac8-211f-4c6e-9459-c589fbed075b/element] with body: {"strategy":"xpath","selector":"//android.widget.Button[@resource-id='com.fghilmany.dietmealapp:id/bt_next']","context":"","multiple":false}
[38;5;32m[AndroidUiautomator2Driver@64ad (028b5ea2)][0m Got response with status 200: {"sessionId":"a93d1ac8-211f-4c6e-9459-c589fbed075b","value":{"ELEMENT":"00000000-0000-089b-ffff-ffff0000003c","element-6066-11e4-a52e-4f735466cecf":"00000000-0000-089b-ffff-ffff0000003c"}}
[38;5;32m[AndroidUiautomator2Driver@64ad (028b5ea2)][0m Responding to client with driver.findElement() result: {"element-6066-11e4-a52e-4f735466cecf":"00000000-0000-089b-ffff-ffff0000003c","ELEMENT":"00000000-0000-089b-ffff-ffff0000003c"}
[38;5;0m[HTTP][0m [37m<-- POST /session/028b5ea2-f520-4a8d-a0a9-aed0749f5a11/element [39m[32m200[39m [90m681 ms - 137[39m
[38;5;0m[HTTP][0m [90m[39m
[38;5;0m[HTTP][0m [37m-->[39m [37mPOST[39m [37m/session/028b5ea2-f520-4a8d-a0a9-aed0749f5a11/element/00000000-0000-089b-ffff-ffff0000003c/click[39m
[38;5;0m[HTTP][0m [90m{}[39m
[38;5;32m[AndroidUiautomator2Driver@64ad (028b5ea2)][0m Calling AppiumDriver.click() with args: ["00000000-0000-089b-ffff-ffff0000003c","028b5ea2-f520-4a8d-a0a9-aed0749f5a11"]
[38;5;32m[AndroidUiautomator2Driver@64ad (028b5ea2)][0m Matched '/element/00000000-0000-089b-ffff-ffff0000003c/click' to command name 'click'
[38;5;32m[AndroidUiautomator2Driver@64ad (028b5ea2)][0m Proxying [POST /element/00000000-0000-089b-ffff-ffff0000003c/click] to [POST http://127.0.0.1:8201/session/a93d1ac8-211f-4c6e-9459-c589fbed075b/element/00000000-0000-089b-ffff-ffff0000003c/click] with body: {"element":"00000000-0000-089b-ffff-ffff0000003c"}
[38;5;32m[AndroidUiautomator2Driver@64ad (028b5ea2)][0m Got response with status 200: {"sessionId":"a93d1ac8-211f-4c6e-9459-c589fbed075b","value":null}
[38;5;32m[AndroidUiautomator2Driver@64ad (028b5ea2)][0m Responding to client with driver.click() result: null
[38;5;0m[HTTP][0m [37m<-- POST /session/028b5ea2-f520-4a8d-a0a9-aed0749f5a11/element/00000000-0000-089b-ffff-ffff0000003c/click [39m[32m200[39m [90m58 ms - 14[39m
[38;5;0m[HTTP][0m [90m[39m
[38;5;0m[HTTP][0m [37m-->[39m [37mPOST[39m [37m/session/028b5ea2-f520-4a8d-a0a9-aed0749f5a11/element[39m
[38;5;0m[HTTP][0m [90m{"using":"xpath","value":"//android.widget.EditText[@resource-id='com.fghilmany.dietmealapp:id/et_weight']"}[39m
[38;5;32m[AndroidUiautomator2Driver@64ad (028b5ea2)][0m Calling AppiumDriver.findElement() with args: ["xpath","//android.widget.EditText[@resource-id='com.fghilmany.dietmealapp:id/et_weight']","028b5ea2-f520-4a8d-a0a9-aed0749f5a11"]
[38;5;32m[AndroidUiautomator2Driver@64ad (028b5ea2)][0m Valid locator strategies for this request: xpath, id, class name, accessibility id, css selector, -android uiautomator
[38;5;32m[AndroidUiautomator2Driver@64ad (028b5ea2)][0m Waiting up to 0 ms for condition
[38;5;32m[AndroidUiautomator2Driver@64ad (028b5ea2)][0m Matched '/element' to command name 'findElement'
[38;5;32m[AndroidUiautomator2Driver@64ad (028b5ea2)][0m Proxying [POST /element] to [POST http://127.0.0.1:8201/session/a93d1ac8-211f-4c6e-9459-c589fbed075b/element] with body: {"strategy":"xpath","selector":"//android.widget.EditText[@resource-id='com.fghilmany.dietmealapp:id/et_weight']","context":"","multiple":false}
[38;5;32m[AndroidUiautomator2Driver@64ad (028b5ea2)][0m Got response with status 200: {"sessionId":"a93d1ac8-211f-4c6e-9459-c589fbed075b","value":{"ELEMENT":"00000000-0000-089b-ffff-ffff00000023","element-6066-11e4-a52e-4f735466cecf":"00000000-0000-089b-ffff-ffff00000023"}}
[38;5;32m[AndroidUiautomator2Driver@64ad (028b5ea2)][0m Responding to client with driver.findElement() result: {"element-6066-11e4-a52e-4f735466cecf":"00000000-0000-089b-ffff-ffff00000023","ELEMENT":"00000000-0000-089b-ffff-ffff00000023"}
[38;5;0m[HTTP][0m [37m<-- POST /session/028b5ea2-f520-4a8d-a0a9-aed0749f5a11/element [39m[32m200[39m [90m402 ms - 137[39m
[38;5;0m[HTTP][0m [90m[39m
[38;5;0m[HTTP][0m [37m-->[39m [37mGET[39m [37m/session/028b5ea2-f520-4a8d-a0a9-aed0749f5a11/element/00000000-0000-089b-ffff-ffff00000023/displayed[39m
[38;5;0m[HTTP][0m [90m{}[39m
[38;5;32m[AndroidUiautomator2Driver@64ad (028b5ea2)][0m Calling AppiumDriver.elementDisplayed() with args: ["00000000-0000-089b-ffff-ffff00000023","028b5ea2-f520-4a8d-a0a9-aed0749f5a11"]
[38;5;32m[AndroidUiautomator2Driver@64ad (028b5ea2)][0m Matched '/element/00000000-0000-089b-ffff-ffff00000023/attribute/displayed' to command name 'getAttribute'
[38;5;32m[AndroidUiautomator2Driver@64ad (028b5ea2)][0m Proxying [GET /element/00000000-0000-089b-ffff-ffff00000023/attribute/displayed] to [GET http://127.0.0.1:8201/session/a93d1ac8-211f-4c6e-9459-c589fbed075b/element/00000000-0000-089b-ffff-ffff00000023/attribute/displayed] with no body
[38;5;32m[AndroidUiautomator2Driver@64ad (028b5ea2)][0m Got response with status 200: {"sessionId":"a93d1ac8-211f-4c6e-9459-c589fbed075b","value":"true"}
[38;5;32m[AndroidUiautomator2Driver@64ad (028b5ea2)][0m Responding to client with driver.elementDisplayed() result: true
[38;5;0m[HTTP][0m [37m<-- GET /session/028b5ea2-f520-4a8d-a0a9-aed0749f5a11/element/00000000-0000-089b-ffff-ffff00000023/displayed [39m[32m200[39m [90m280 ms - 14[39m
[38;5;0m[HTTP][0m [90m[39m
[38;5;0m[HTTP][0m [37m-->[39m [37mPOST[39m [37m/session/028b5ea2-f520-4a8d-a0a9-aed0749f5a11/element[39m
[38;5;0m[HTTP][0m [90m{"using":"xpath","value":"//android.widget.EditText[@resource-id='com.fghilmany.dietmealapp:id/et_weight']"}[39m
[38;5;32m[AndroidUiautomator2Driver@64ad (028b5ea2)][0m Calling AppiumDriver.findElement() with args: ["xpath","//android.widget.EditText[@resource-id='com.fghilmany.dietmealapp:id/et_weight']","028b5ea2-f520-4a8d-a0a9-aed0749f5a11"]
[38;5;32m[AndroidUiautomator2Driver@64ad (028b5ea2)][0m Valid locator strategies for this request: xpath, id, class name, accessibility id, css selector, -android uiautomator
[38;5;32m[AndroidUiautomator2Driver@64ad (028b5ea2)][0m Waiting up to 0 ms for condition
[38;5;32m[AndroidUiautomator2Driver@64ad (028b5ea2)][0m Matched '/element' to command name 'findElement'
[38;5;32m[AndroidUiautomator2Driver@64ad (028b5ea2)][0m Proxying [POST /element] to [POST http://127.0.0.1:8201/session/a93d1ac8-211f-4c6e-9459-c589fbed075b/element] with body: {"strategy":"xpath","selector":"//android.widget.EditText[@resource-id='com.fghilmany.dietmealapp:id/et_weight']","context":"","multiple":false}
[38;5;32m[AndroidUiautomator2Driver@64ad (028b5ea2)][0m Got response with status 200: {"sessionId":"a93d1ac8-211f-4c6e-9459-c589fbed075b","value":{"ELEMENT":"00000000-0000-089b-ffff-ffff00000023","element-6066-11e4-a52e-4f735466cecf":"00000000-0000-089b-ffff-ffff00000023"}}
[38;5;32m[AndroidUiautomator2Driver@64ad (028b5ea2)][0m Responding to client with driver.findElement() result: {"element-6066-11e4-a52e-4f735466cecf":"00000000-0000-089b-ffff-ffff00000023","ELEMENT":"00000000-0000-089b-ffff-ffff00000023"}
[38;5;0m[HTTP][0m [37m<-- POST /session/028b5ea2-f520-4a8d-a0a9-aed0749f5a11/element [39m[32m200[39m [90m313 ms - 137[39m
[38;5;0m[HTTP][0m [90m[39m
[38;5;0m[HTTP][0m [37m-->[39m [37mPOST[39m [37m/session/028b5ea2-f520-4a8d-a0a9-aed0749f5a11/element/00000000-0000-089b-ffff-ffff00000023/clear[39m
[38;5;0m[HTTP][0m [90m{}[39m
[38;5;32m[AndroidUiautomator2Driver@64ad (028b5ea2)][0m Calling AppiumDriver.clear() with args: ["00000000-0000-089b-ffff-ffff00000023","028b5ea2-f520-4a8d-a0a9-aed0749f5a11"]
[38;5;32m[AndroidUiautomator2Driver@64ad (028b5ea2)][0m Matched '/element/00000000-0000-089b-ffff-ffff00000023/clear' to command name 'clear'
[38;5;32m[AndroidUiautomator2Driver@64ad (028b5ea2)][0m Proxying [POST /element/00000000-0000-089b-ffff-ffff00000023/clear] to [POST http://127.0.0.1:8201/session/a93d1ac8-211f-4c6e-9459-c589fbed075b/element/00000000-0000-089b-ffff-ffff00000023/clear] with body: {"elementId":"00000000-0000-089b-ffff-ffff00000023"}
[38;5;32m[AndroidUiautomator2Driver@64ad (028b5ea2)][0m Got response with status 200: {"sessionId":"a93d1ac8-211f-4c6e-9459-c589fbed075b","value":null}
[38;5;32m[AndroidUiautomator2Driver@64ad (028b5ea2)][0m Responding to client with driver.clear() result: null
[38;5;0m[HTTP][0m [37m<-- POST /session/028b5ea2-f520-4a8d-a0a9-aed0749f5a11/element/00000000-0000-089b-ffff-ffff00000023/clear [39m[32m200[39m [90m64 ms - 14[39m
[38;5;0m[HTTP][0m [90m[39m
[38;5;0m[HTTP][0m [37m-->[39m [37mPOST[39m [37m/session/028b5ea2-f520-4a8d-a0a9-aed0749f5a11/element/00000000-0000-089b-ffff-ffff00000023/value[39m
[38;5;0m[HTTP][0m [90m{"text":"60"}[39m
[38;5;32m[AndroidUiautomator2Driver@64ad (028b5ea2)][0m Calling AppiumDriver.setValue() with args: ["60","00000000-0000-089b-ffff-ffff00000023","028b5ea2-f520-4a8d-a0a9-aed0749f5a11"]
[38;5;32m[AndroidUiautomator2Driver@64ad (028b5ea2)][0m Matched '/element/00000000-0000-089b-ffff-ffff00000023/value' to command name 'setValue'
[38;5;32m[AndroidUiautomator2Driver@64ad (028b5ea2)][0m Added 'value' property ["6","0"] to 'setValue' request body
[38;5;32m[AndroidUiautomator2Driver@64ad (028b5ea2)][0m Proxying [POST /element/00000000-0000-089b-ffff-ffff00000023/value] to [POST http://127.0.0.1:8201/session/a93d1ac8-211f-4c6e-9459-c589fbed075b/element/00000000-0000-089b-ffff-ffff00000023/value] with body: {"elementId":"00000000-0000-089b-ffff-ffff00000023","text":"60","replace":false,"value":["6","0"]}
[38;5;32m[AndroidUiautomator2Driver@64ad (028b5ea2)][0m Got response with status 200: {"sessionId":"a93d1ac8-211f-4c6e-9459-c589fbed075b","value":null}
[38;5;32m[AndroidUiautomator2Driver@64ad (028b5ea2)][0m Responding to client with driver.setValue() result: null
[38;5;0m[HTTP][0m [37m<-- POST /session/028b5ea2-f520-4a8d-a0a9-aed0749f5a11/element/00000000-0000-089b-ffff-ffff00000023/value [39m[32m200[39m [90m829 ms - 14[39m
[38;5;0m[HTTP][0m [90m[39m
[38;5;0m[HTTP][0m [37m-->[39m [37mPOST[39m [37m/session/028b5ea2-f520-4a8d-a0a9-aed0749f5a11/element[39m
[38;5;0m[HTTP][0m [90m{"using":"xpath","value":"//android.widget.Button[@resource-id='com.fghilmany.dietmealapp:id/bt_next']"}[39m
[38;5;32m[AndroidUiautomator2Driver@64ad (028b5ea2)][0m Calling AppiumDriver.findElement() with args: ["xpath","//android.widget.Button[@resource-id='com.fghilmany.dietmealapp:id/bt_next']","028b5ea2-f520-4a8d-a0a9-aed0749f5a11"]
[38;5;32m[AndroidUiautomator2Driver@64ad (028b5ea2)][0m Valid locator strategies for this request: xpath, id, class name, accessibility id, css selector, -android uiautomator
[38;5;32m[AndroidUiautomator2Driver@64ad (028b5ea2)][0m Waiting up to 0 ms for condition
[38;5;32m[AndroidUiautomator2Driver@64ad (028b5ea2)][0m Matched '/element' to command name 'findElement'
[38;5;32m[AndroidUiautomator2Driver@64ad (028b5ea2)][0m Proxying [POST /element] to [POST http://127.0.0.1:8201/session/a93d1ac8-211f-4c6e-9459-c589fbed075b/element] with body: {"strategy":"xpath","selector":"//android.widget.Button[@resource-id='com.fghilmany.dietmealapp:id/bt_next']","context":"","multiple":false}
[38;5;32m[AndroidUiautomator2Driver@64ad (028b5ea2)][0m Got response with status 200: {"sessionId":"a93d1ac8-211f-4c6e-9459-c589fbed075b","value":{"ELEMENT":"00000000-0000-089b-ffff-ffff0000003c","element-6066-11e4-a52e-4f735466cecf":"00000000-0000-089b-ffff-ffff0000003c"}}
[38;5;32m[AndroidUiautomator2Driver@64ad (028b5ea2)][0m Responding to client with driver.findElement() result: {"element-6066-11e4-a52e-4f735466cecf":"00000000-0000-089b-ffff-ffff0000003c","ELEMENT":"00000000-0000-089b-ffff-ffff0000003c"}
[38;5;0m[HTTP][0m [37m<-- POST /session/028b5ea2-f520-4a8d-a0a9-aed0749f5a11/element [39m[32m200[39m [90m642 ms - 137[39m
[38;5;0m[HTTP][0m [90m[39m
[38;5;0m[HTTP][0m [37m-->[39m [37mPOST[39m [37m/session/028b5ea2-f520-4a8d-a0a9-aed0749f5a11/element/00000000-0000-089b-ffff-ffff0000003c/click[39m
[38;5;0m[HTTP][0m [90m{}[39m
[38;5;32m[AndroidUiautomator2Driver@64ad (028b5ea2)][0m Calling AppiumDriver.click() with args: ["00000000-0000-089b-ffff-ffff0000003c","028b5ea2-f520-4a8d-a0a9-aed0749f5a11"]
[38;5;32m[AndroidUiautomator2Driver@64ad (028b5ea2)][0m Matched '/element/00000000-0000-089b-ffff-ffff0000003c/click' to command name 'click'
[38;5;32m[AndroidUiautomator2Driver@64ad (028b5ea2)][0m Proxying [POST /element/00000000-0000-089b-ffff-ffff0000003c/click] to [POST http://127.0.0.1:8201/session/a93d1ac8-211f-4c6e-9459-c589fbed075b/element/00000000-0000-089b-ffff-ffff0000003c/click] with body: {"element":"00000000-0000-089b-ffff-ffff0000003c"}
[38;5;32m[AndroidUiautomator2Driver@64ad (028b5ea2)][0m Got response with status 200: {"sessionId":"a93d1ac8-211f-4c6e-9459-c589fbed075b","value":null}
[38;5;32m[AndroidUiautomator2Driver@64ad (028b5ea2)][0m Responding to client with driver.click() result: null
[38;5;0m[HTTP][0m [37m<-- POST /session/028b5ea2-f520-4a8d-a0a9-aed0749f5a11/element/00000000-0000-089b-ffff-ffff0000003c/click [39m[32m200[39m [90m51 ms - 14[39m
[38;5;0m[HTTP][0m [90m[39m
[38;5;0m[HTTP][0m [37m-->[39m [37mPOST[39m [37m/session/028b5ea2-f520-4a8d-a0a9-aed0749f5a11/element[39m
[38;5;0m[HTTP][0m [90m{"using":"xpath","value":"//android.widget.RadioButton[@resource-id='com.fghilmany.dietmealapp:id/rb_rest']"}[39m
[38;5;32m[AndroidUiautomator2Driver@64ad (028b5ea2)][0m Calling AppiumDriver.findElement() with args: ["xpath","//android.widget.RadioButton[@resource-id='com.fghilmany.dietmealapp:id/rb_rest']","028b5ea2-f520-4a8d-a0a9-aed0749f5a11"]
[38;5;32m[AndroidUiautomator2Driver@64ad (028b5ea2)][0m Valid locator strategies for this request: xpath, id, class name, accessibility id, css selector, -android uiautomator
[38;5;32m[AndroidUiautomator2Driver@64ad (028b5ea2)][0m Waiting up to 0 ms for condition
[38;5;32m[AndroidUiautomator2Driver@64ad (028b5ea2)][0m Matched '/element' to command name 'findElement'
[38;5;32m[AndroidUiautomator2Driver@64ad (028b5ea2)][0m Proxying [POST /element] to [POST http://127.0.0.1:8201/session/a93d1ac8-211f-4c6e-9459-c589fbed075b/element] with body: {"strategy":"xpath","selector":"//android.widget.RadioButton[@resource-id='com.fghilmany.dietmealapp:id/rb_rest']","context":"","multiple":false}
[38;5;32m[AndroidUiautomator2Driver@64ad (028b5ea2)][0m Got response with status 200: {"sessionId":"a93d1ac8-211f-4c6e-9459-c589fbed075b","value":{"ELEMENT":"00000000-0000-089b-ffff-ffff00000047","element-6066-11e4-a52e-4f735466cecf":"00000000-0000-089b-ffff-ffff00000047"}}
[38;5;32m[AndroidUiautomator2Driver@64ad (028b5ea2)][0m Responding to client with driver.findElement() result: {"element-6066-11e4-a52e-4f735466cecf":"00000000-0000-089b-ffff-ffff00000047","ELEMENT":"00000000-0000-089b-ffff-ffff00000047"}
[38;5;0m[HTTP][0m [37m<-- POST /session/028b5ea2-f520-4a8d-a0a9-aed0749f5a11/element [39m[32m200[39m [90m291 ms - 137[39m
[38;5;0m[HTTP][0m [90m[39m
[38;5;0m[HTTP][0m [37m-->[39m [37mGET[39m [37m/session/028b5ea2-f520-4a8d-a0a9-aed0749f5a11/element/00000000-0000-089b-ffff-ffff00000047/displayed[39m
[38;5;0m[HTTP][0m [90m{}[39m
[38;5;32m[AndroidUiautomator2Driver@64ad (028b5ea2)][0m Calling AppiumDriver.elementDisplayed() with args: ["00000000-0000-089b-ffff-ffff00000047","028b5ea2-f520-4a8d-a0a9-aed0749f5a11"]
[38;5;32m[AndroidUiautomator2Driver@64ad (028b5ea2)][0m Matched '/element/00000000-0000-089b-ffff-ffff00000047/attribute/displayed' to command name 'getAttribute'
[38;5;32m[AndroidUiautomator2Driver@64ad (028b5ea2)][0m Proxying [GET /element/00000000-0000-089b-ffff-ffff00000047/attribute/displayed] to [GET http://127.0.0.1:8201/session/a93d1ac8-211f-4c6e-9459-c589fbed075b/element/00000000-0000-089b-ffff-ffff00000047/attribute/displayed] with no body
[38;5;32m[AndroidUiautomator2Driver@64ad (028b5ea2)][0m Got response with status 200: {"sessionId":"a93d1ac8-211f-4c6e-9459-c589fbed075b","value":"true"}
[38;5;32m[AndroidUiautomator2Driver@64ad (028b5ea2)][0m Responding to client with driver.elementDisplayed() result: true
[38;5;0m[HTTP][0m [37m<-- GET /session/028b5ea2-f520-4a8d-a0a9-aed0749f5a11/element/00000000-0000-089b-ffff-ffff00000047/displayed [39m[32m200[39m [90m407 ms - 14[39m
[38;5;0m[HTTP][0m [90m[39m
[38;5;0m[HTTP][0m [37m-->[39m [37mPOST[39m [37m/session/028b5ea2-f520-4a8d-a0a9-aed0749f5a11/element[39m
[38;5;0m[HTTP][0m [90m{"using":"xpath","value":"//android.widget.RadioButton[@resource-id='com.fghilmany.dietmealapp:id/rb_rest']"}[39m
[38;5;32m[AndroidUiautomator2Driver@64ad (028b5ea2)][0m Calling AppiumDriver.findElement() with args: ["xpath","//android.widget.RadioButton[@resource-id='com.fghilmany.dietmealapp:id/rb_rest']","028b5ea2-f520-4a8d-a0a9-aed0749f5a11"]
[38;5;32m[AndroidUiautomator2Driver@64ad (028b5ea2)][0m Valid locator strategies for this request: xpath, id, class name, accessibility id, css selector, -android uiautomator
[38;5;32m[AndroidUiautomator2Driver@64ad (028b5ea2)][0m Waiting up to 0 ms for condition
[38;5;32m[AndroidUiautomator2Driver@64ad (028b5ea2)][0m Matched '/element' to command name 'findElement'
[38;5;32m[AndroidUiautomator2Driver@64ad (028b5ea2)][0m Proxying [POST /element] to [POST http://127.0.0.1:8201/session/a93d1ac8-211f-4c6e-9459-c589fbed075b/element] with body: {"strategy":"xpath","selector":"//android.widget.RadioButton[@resource-id='com.fghilmany.dietmealapp:id/rb_rest']","context":"","multiple":false}
[38;5;32m[AndroidUiautomator2Driver@64ad (028b5ea2)][0m Got response with status 200: {"sessionId":"a93d1ac8-211f-4c6e-9459-c589fbed075b","value":{"ELEMENT":"00000000-0000-089b-ffff-ffff00000047","element-6066-11e4-a52e-4f735466cecf":"00000000-0000-089b-ffff-ffff00000047"}}
[38;5;32m[AndroidUiautomator2Driver@64ad (028b5ea2)][0m Responding to client with driver.findElement() result: {"element-6066-11e4-a52e-4f735466cecf":"00000000-0000-089b-ffff-ffff00000047","ELEMENT":"00000000-0000-089b-ffff-ffff00000047"}
[38;5;0m[HTTP][0m [37m<-- POST /session/028b5ea2-f520-4a8d-a0a9-aed0749f5a11/element [39m[32m200[39m [90m210 ms - 137[39m
[38;5;0m[HTTP][0m [90m[39m
[38;5;0m[HTTP][0m [37m-->[39m [37mPOST[39m [37m/session/028b5ea2-f520-4a8d-a0a9-aed0749f5a11/element/00000000-0000-089b-ffff-ffff00000047/click[39m
[38;5;0m[HTTP][0m [90m{}[39m
[38;5;32m[AndroidUiautomator2Driver@64ad (028b5ea2)][0m Calling AppiumDriver.click() with args: ["00000000-0000-089b-ffff-ffff00000047","028b5ea2-f520-4a8d-a0a9-aed0749f5a11"]
[38;5;32m[AndroidUiautomator2Driver@64ad (028b5ea2)][0m Matched '/element/00000000-0000-089b-ffff-ffff00000047/click' to command name 'click'
[38;5;32m[AndroidUiautomator2Driver@64ad (028b5ea2)][0m Proxying [POST /element/00000000-0000-089b-ffff-ffff00000047/click] to [POST http://127.0.0.1:8201/session/a93d1ac8-211f-4c6e-9459-c589fbed075b/element/00000000-0000-089b-ffff-ffff00000047/click] with body: {"element":"00000000-0000-089b-ffff-ffff00000047"}
[38;5;32m[AndroidUiautomator2Driver@64ad (028b5ea2)][0m Got response with status 200: {"sessionId":"a93d1ac8-211f-4c6e-9459-c589fbed075b","value":null}
[38;5;32m[AndroidUiautomator2Driver@64ad (028b5ea2)][0m Responding to client with driver.click() result: null
[38;5;0m[HTTP][0m [37m<-- POST /session/028b5ea2-f520-4a8d-a0a9-aed0749f5a11/element/00000000-0000-089b-ffff-ffff00000047/click [39m[32m200[39m [90m57 ms - 14[39m
[38;5;0m[HTTP][0m [90m[39m
[38;5;0m[HTTP][0m [37m-->[39m [37mPOST[39m [37m/session/028b5ea2-f520-4a8d-a0a9-aed0749f5a11/element[39m
[38;5;0m[HTTP][0m [90m{"using":"xpath","value":"//android.widget.Button[@resource-id='com.fghilmany.dietmealapp:id/bt_finish']"}[39m
[38;5;32m[AndroidUiautomator2Driver@64ad (028b5ea2)][0m Calling AppiumDriver.findElement() with args: ["xpath","//android.widget.Button[@resource-id='com.fghilmany.dietmealapp:id/bt_finish']","028b5ea2-f520-4a8d-a0a9-aed0749f5a11"]
[38;5;32m[AndroidUiautomator2Driver@64ad (028b5ea2)][0m Valid locator strategies for this request: xpath, id, class name, accessibility id, css selector, -android uiautomator
[38;5;32m[AndroidUiautomator2Driver@64ad (028b5ea2)][0m Waiting up to 0 ms for condition
[38;5;32m[AndroidUiautomator2Driver@64ad (028b5ea2)][0m Matched '/element' to command name 'findElement'
[38;5;32m[AndroidUiautomator2Driver@64ad (028b5ea2)][0m Proxying [POST /element] to [POST http://127.0.0.1:8201/session/a93d1ac8-211f-4c6e-9459-c589fbed075b/element] with body: {"strategy":"xpath","selector":"//android.widget.Button[@resource-id='com.fghilmany.dietmealapp:id/bt_finish']","context":"","multiple":false}
[38;5;32m[AndroidUiautomator2Driver@64ad (028b5ea2)][0m Got response with status 200: {"sessionId":"a93d1ac8-211f-4c6e-9459-c589fbed075b","value":{"ELEMENT":"00000000-0000-089b-ffff-ffff0000004e","element-6066-11e4-a52e-4f735466cecf":"00000000-0000-089b-ffff-ffff0000004e"}}
[38;5;32m[AndroidUiautomator2Driver@64ad (028b5ea2)][0m Responding to client with driver.findElement() result: {"element-6066-11e4-a52e-4f735466cecf":"00000000-0000-089b-ffff-ffff0000004e","ELEMENT":"00000000-0000-089b-ffff-ffff0000004e"}
[38;5;0m[HTTP][0m [37m<-- POST /session/028b5ea2-f520-4a8d-a0a9-aed0749f5a11/element [39m[32m200[39m [90m808 ms - 137[39m
[38;5;0m[HTTP][0m [90m[39m
[38;5;0m[HTTP][0m [37m-->[39m [37mPOST[39m [37m/session/028b5ea2-f520-4a8d-a0a9-aed0749f5a11/element/00000000-0000-089b-ffff-ffff0000004e/click[39m
[38;5;0m[HTTP][0m [90m{}[39m
[38;5;32m[AndroidUiautomator2Driver@64ad (028b5ea2)][0m Calling AppiumDriver.click() with args: ["00000000-0000-089b-ffff-ffff0000004e","028b5ea2-f520-4a8d-a0a9-aed0749f5a11"]
[38;5;32m[AndroidUiautomator2Driver@64ad (028b5ea2)][0m Matched '/element/00000000-0000-089b-ffff-ffff0000004e/click' to command name 'click'
[38;5;32m[AndroidUiautomator2Driver@64ad (028b5ea2)][0m Proxying [POST /element/00000000-0000-089b-ffff-ffff0000004e/click] to [POST http://127.0.0.1:8201/session/a93d1ac8-211f-4c6e-9459-c589fbed075b/element/00000000-0000-089b-ffff-ffff0000004e/click] with body: {"element":"00000000-0000-089b-ffff-ffff0000004e"}
[38;5;32m[AndroidUiautomator2Driver@64ad (028b5ea2)][0m Got response with status 200: {"sessionId":"a93d1ac8-211f-4c6e-9459-c589fbed075b","value":null}
[38;5;32m[AndroidUiautomator2Driver@64ad (028b5ea2)][0m Responding to client with driver.click() result: null
[38;5;0m[HTTP][0m [37m<-- POST /session/028b5ea2-f520-4a8d-a0a9-aed0749f5a11/element/00000000-0000-089b-ffff-ffff0000004e/click [39m[32m200[39m [90m88 ms - 14[39m
[38;5;0m[HTTP][0m [90m[39m
[38;5;0m[HTTP][0m [37m-->[39m [37mPOST[39m [37m/session/028b5ea2-f520-4a8d-a0a9-aed0749f5a11/element[39m
[38;5;0m[HTTP][0m [90m{"using":"xpath","value":"//android.view.View[@resource-id='com.fghilmany.dietmealapp:id/view']"}[39m
[38;5;32m[AndroidUiautomator2Driver@64ad (028b5ea2)][0m Calling AppiumDriver.findElement() with args: ["xpath","//android.view.View[@resource-id='com.fghilmany.dietmealapp:id/view']","028b5ea2-f520-4a8d-a0a9-aed0749f5a11"]
[38;5;32m[AndroidUiautomator2Driver@64ad (028b5ea2)][0m Valid locator strategies for this request: xpath, id, class name, accessibility id, css selector, -android uiautomator
[38;5;32m[AndroidUiautomator2Driver@64ad (028b5ea2)][0m Waiting up to 0 ms for condition
[38;5;32m[AndroidUiautomator2Driver@64ad (028b5ea2)][0m Matched '/element' to command name 'findElement'
[38;5;32m[AndroidUiautomator2Driver@64ad (028b5ea2)][0m Proxying [POST /element] to [POST http://127.0.0.1:8201/session/a93d1ac8-211f-4c6e-9459-c589fbed075b/element] with body: {"strategy":"xpath","selector":"//android.view.View[@resource-id='com.fghilmany.dietmealapp:id/view']","context":"","multiple":false}
[38;5;32m[AndroidUiautomator2Driver@64ad (028b5ea2)][0m Got response with status 404: {"sessionId":"a93d1ac8-211f-4c6e-9459-c589fbed075b","value":{"error":"no such element","message":"An element could not be located on the page using the given search parameters","stacktrace":"io.appium.uiautomator2.common.exceptions.ElementNotFoundException: An element could not be located on the page using the given search parameters\n\tat io.appium.uiautomator2.utils.ElementLocationHelpers.findElement(ElementLocationHelpers.java:156)\n\tat io.appium.uiautomator2.handler.FindElement.safeHandle(FindElement.java:60)\n\tat io.appium.uiautomator2.handler.request.SafeRequestHandler.handle(SafeRequestHandler.java:59)\n\tat io.appium.uiautomator2.server.AppiumServlet.handleRequest(AppiumServlet.java:277)\n\tat io.appium.uiautomator2.server.AppiumServlet.handleHttpRequest(AppiumServlet.java:271)\n\tat io.appium.uiautomator2.http.ServerHandler.channelRead(ServerHandler.java:77)\n\tat io.netty.channel.AbstractChannelHandlerContext.invokeChannelRead(AbstractChannelHandlerContext.java:366)\n\tat io.netty.channel.Abstr...
[38;5;128m[W3C][0m Matched W3C error code 'no such element' to NoSuchElementError
[38;5;32m[AndroidUiautomator2Driver@64ad (028b5ea2)][0m Encountered internal error running command: NoSuchElementError: An element could not be located on the page using the given search parameters.
[38;5;32m[AndroidUiautomator2Driver@64ad (028b5ea2)][0m     at AndroidUiautomator2Driver.findElOrEls (E:\Sanbercode\QA Automation Intermediate Karyawan Batch 49 31 Agustus 2023\Materi dan Tugas\Minggu 7\WEBDRIVERIO-MOBILE\node_modules\appium-uiautomator2-driver\node_modules\appium-android-driver\lib\commands\find.ts:87:11)
[38;5;32m[AndroidUiautomator2Driver@64ad (028b5ea2)][0m     at processTicksAndRejections (node:internal/process/task_queues:95:5)
[38;5;32m[AndroidUiautomator2Driver@64ad (028b5ea2)][0m     at AndroidUiautomator2Driver.findElOrElsWithProcessing (E:\Sanbercode\QA Automation Intermediate Karyawan Batch 49 31 Agustus 2023\Materi dan Tugas\Minggu 7\WEBDRIVERIO-MOBILE\node_modules\@appium\base-driver\lib\basedriver\commands\find.ts:60:12)
[38;5;32m[AndroidUiautomator2Driver@64ad (028b5ea2)][0m     at AndroidUiautomator2Driver.findElement (E:\Sanbercode\QA Automation Intermediate Karyawan Batch 49 31 Agustus 2023\Materi dan Tugas\Minggu 7\WEBDRIVERIO-MOBILE\node_modules\@appium\base-driver\lib\basedriver\commands\find.ts:75:12)
[38;5;0m[HTTP][0m [37m<-- POST /session/028b5ea2-f520-4a8d-a0a9-aed0749f5a11/element [39m[33m404[39m [90m602 ms - 1115[39m
[38;5;0m[HTTP][0m [90m[39m
[38;5;0m[HTTP][0m [37m-->[39m [37mPOST[39m [37m/session/028b5ea2-f520-4a8d-a0a9-aed0749f5a11/element[39m
[38;5;0m[HTTP][0m [90m{"using":"xpath","value":"//android.view.View[@resource-id='com.fghilmany.dietmealapp:id/view']"}[39m
[38;5;32m[AndroidUiautomator2Driver@64ad (028b5ea2)][0m Calling AppiumDriver.findElement() with args: ["xpath","//android.view.View[@resource-id='com.fghilmany.dietmealapp:id/view']","028b5ea2-f520-4a8d-a0a9-aed0749f5a11"]
[38;5;32m[AndroidUiautomator2Driver@64ad (028b5ea2)][0m Valid locator strategies for this request: xpath, id, class name, accessibility id, css selector, -android uiautomator
[38;5;32m[AndroidUiautomator2Driver@64ad (028b5ea2)][0m Waiting up to 0 ms for condition
[38;5;32m[AndroidUiautomator2Driver@64ad (028b5ea2)][0m Matched '/element' to command name 'findElement'
[38;5;32m[AndroidUiautomator2Driver@64ad (028b5ea2)][0m Proxying [POST /element] to [POST http://127.0.0.1:8201/session/a93d1ac8-211f-4c6e-9459-c589fbed075b/element] with body: {"strategy":"xpath","selector":"//android.view.View[@resource-id='com.fghilmany.dietmealapp:id/view']","context":"","multiple":false}
[38;5;32m[AndroidUiautomator2Driver@64ad (028b5ea2)][0m Got response with status 200: {"sessionId":"a93d1ac8-211f-4c6e-9459-c589fbed075b","value":{"ELEMENT":"00000000-0000-089f-ffff-ffff0000006d","element-6066-11e4-a52e-4f735466cecf":"00000000-0000-089f-ffff-ffff0000006d"}}
[38;5;32m[AndroidUiautomator2Driver@64ad (028b5ea2)][0m Responding to client with driver.findElement() result: {"element-6066-11e4-a52e-4f735466cecf":"00000000-0000-089f-ffff-ffff0000006d","ELEMENT":"00000000-0000-089f-ffff-ffff0000006d"}
[38;5;0m[HTTP][0m [37m<-- POST /session/028b5ea2-f520-4a8d-a0a9-aed0749f5a11/element [39m[32m200[39m [90m972 ms - 137[39m
[38;5;0m[HTTP][0m [90m[39m
[38;5;0m[HTTP][0m [37m-->[39m [37mGET[39m [37m/session/028b5ea2-f520-4a8d-a0a9-aed0749f5a11/element/00000000-0000-089f-ffff-ffff0000006d/displayed[39m
[38;5;0m[HTTP][0m [90m{}[39m
[38;5;32m[AndroidUiautomator2Driver@64ad (028b5ea2)][0m Calling AppiumDriver.elementDisplayed() with args: ["00000000-0000-089f-ffff-ffff0000006d","028b5ea2-f520-4a8d-a0a9-aed0749f5a11"]
[38;5;32m[AndroidUiautomator2Driver@64ad (028b5ea2)][0m Matched '/element/00000000-0000-089f-ffff-ffff0000006d/attribute/displayed' to command name 'getAttribute'
[38;5;32m[AndroidUiautomator2Driver@64ad (028b5ea2)][0m Proxying [GET /element/00000000-0000-089f-ffff-ffff0000006d/attribute/displayed] to [GET http://127.0.0.1:8201/session/a93d1ac8-211f-4c6e-9459-c589fbed075b/element/00000000-0000-089f-ffff-ffff0000006d/attribute/displayed] with no body
[38;5;32m[AndroidUiautomator2Driver@64ad (028b5ea2)][0m Got response with status 200: {"sessionId":"a93d1ac8-211f-4c6e-9459-c589fbed075b","value":"true"}
[38;5;32m[AndroidUiautomator2Driver@64ad (028b5ea2)][0m Responding to client with driver.elementDisplayed() result: true
[38;5;0m[HTTP][0m [37m<-- GET /session/028b5ea2-f520-4a8d-a0a9-aed0749f5a11/element/00000000-0000-089f-ffff-ffff0000006d/displayed [39m[32m200[39m [90m22 ms - 14[39m
[38;5;0m[HTTP][0m [90m[39m
[38;5;0m[HTTP][0m [37m-->[39m [37mDELETE[39m [37m/session/028b5ea2-f520-4a8d-a0a9-aed0749f5a11[39m
[38;5;0m[HTTP][0m [90m{}[39m
[38;5;32m[AndroidUiautomator2Driver@64ad (028b5ea2)][0m Calling AppiumDriver.deleteSession() with args: ["028b5ea2-f520-4a8d-a0a9-aed0749f5a11"]
[38;5;16m[AppiumDriver@33fc][0m Event 'quitSessionRequested' logged at 1698770267728 (23:37:47 GMT+0700 (Western Indonesia Time))
[38;5;16m[AppiumDriver@33fc][0m Removing session 028b5ea2-f520-4a8d-a0a9-aed0749f5a11 from our master session list
[38;5;32m[AndroidUiautomator2Driver@64ad (028b5ea2)][0m Deleting UiAutomator2 session
[38;5;32m[AndroidUiautomator2Driver@64ad (028b5ea2)][0m Deleting UiAutomator2 server session
[38;5;32m[AndroidUiautomator2Driver@64ad (028b5ea2)][0m Matched '/' to command name 'deleteSession'
[38;5;32m[AndroidUiautomator2Driver@64ad (028b5ea2)][0m Proxying [DELETE /] to [DELETE http://127.0.0.1:8201/session/a93d1ac8-211f-4c6e-9459-c589fbed075b] with no body
[38;5;32m[AndroidUiautomator2Driver@64ad (028b5ea2)][0m Got response with status 200: {"sessionId":"a93d1ac8-211f-4c6e-9459-c589fbed075b","value":null}
[38;5;64m[ADB][0m Running 'C:\Users\bimap\AppData\Local\Android\Sdk\platform-tools\adb.exe -P 5037 -s 09224372B3001782 shell dumpsys activity services io.appium.settings/.recorder.RecorderService'
[38;5;96m[Logcat][0m Stopping logcat capture
[38;5;64m[ADB][0m Removing forwarded port socket connection: 8201 
[38;5;64m[ADB][0m Running 'C:\Users\bimap\AppData\Local\Android\Sdk\platform-tools\adb.exe -P 5037 -s 09224372B3001782 forward --remove tcp:8201'
[38;5;32m[AndroidUiautomator2Driver@64ad (028b5ea2)][0m Restoring hidden api policy to the device default configuration
[38;5;64m[ADB][0m Running 'C:\Users\bimap\AppData\Local\Android\Sdk\platform-tools\adb.exe -P 5037 -s 09224372B3001782 shell 'settings delete global hidden_api_policy_pre_p_apps;settings delete global hidden_api_policy_p_apps;settings delete global hidden_api_policy''
[38;5;16m[AppiumDriver@33fc][0m Event 'quitSessionFinished' logged at 1698770267881 (23:37:47 GMT+0700 (Western Indonesia Time))
[38;5;16m[AppiumDriver@33fc][0m Received response: null
[38;5;16m[AppiumDriver@33fc][0m But deleting session, so not returning
[38;5;16m[AppiumDriver@33fc][0m Responding to client with driver.deleteSession() result: null
[38;5;0m[HTTP][0m [37m<-- DELETE /session/028b5ea2-f520-4a8d-a0a9-aed0749f5a11 [39m[32m200[39m [90m154 ms - 14[39m
[38;5;0m[HTTP][0m [90m[39m
